[2025-12-08T00:15:52.261+0000] {local_task_job_runner.py:120} INFO - ::group::Pre task execution logs
[2025-12-08T00:15:52.289+0000] {taskinstance.py:2073} INFO - Dependencies all met for dep_context=non-requeueable deps ti=<TaskInstance: dm_mplus_stt_dmart.dm_mplus_billing manual__2025-12-08T00:15:50.571875+00:00 [queued]>
[2025-12-08T00:15:52.299+0000] {taskinstance.py:2073} INFO - Dependencies all met for dep_context=requeueable deps ti=<TaskInstance: dm_mplus_stt_dmart.dm_mplus_billing manual__2025-12-08T00:15:50.571875+00:00 [queued]>
[2025-12-08T00:15:52.300+0000] {taskinstance.py:2303} INFO - Starting attempt 1 of 1
[2025-12-08T00:15:52.317+0000] {taskinstance.py:2327} INFO - Executing <Task(BashOperator): dm_mplus_billing> on 2025-12-08 00:15:50.571875+00:00
[2025-12-08T00:15:52.323+0000] {warnings.py:110} WARNING - /home/airflow/.local/lib/python3.12/site-packages/airflow/task/task_runner/standard_task_runner.py:61: DeprecationWarning: This process (pid=237) is multi-threaded, use of fork() may lead to deadlocks in the child.
  pid = os.fork()

[2025-12-08T00:15:52.325+0000] {standard_task_runner.py:63} INFO - Started process 238 to run task
[2025-12-08T00:15:52.326+0000] {standard_task_runner.py:90} INFO - Running: ['airflow', 'tasks', 'run', 'dm_mplus_stt_dmart', 'dm_mplus_billing', 'manual__2025-12-08T00:15:50.571875+00:00', '--job-id', '28', '--raw', '--subdir', 'DAGS_FOLDER/dmart/dm_mplus_billing.py', '--cfg-path', '/tmp/tmphrbesfgz']
[2025-12-08T00:15:52.329+0000] {standard_task_runner.py:91} INFO - Job 28: Subtask dm_mplus_billing
[2025-12-08T00:15:52.414+0000] {task_command.py:426} INFO - Running <TaskInstance: dm_mplus_stt_dmart.dm_mplus_billing manual__2025-12-08T00:15:50.571875+00:00 [running]> on host 07340001eaa2
[2025-12-08T00:15:52.545+0000] {taskinstance.py:2644} INFO - Exporting env vars: AIRFLOW_CTX_DAG_OWNER='airflow' AIRFLOW_CTX_DAG_ID='dm_mplus_stt_dmart' AIRFLOW_CTX_TASK_ID='dm_mplus_billing' AIRFLOW_CTX_EXECUTION_DATE='2025-12-08T00:15:50.571875+00:00' AIRFLOW_CTX_TRY_NUMBER='1' AIRFLOW_CTX_DAG_RUN_ID='manual__2025-12-08T00:15:50.571875+00:00'
[2025-12-08T00:15:52.546+0000] {taskinstance.py:430} INFO - ::endgroup::
[2025-12-08T00:15:52.564+0000] {subprocess.py:63} INFO - Tmp dir root location: /tmp
[2025-12-08T00:15:52.565+0000] {subprocess.py:75} INFO - Running command: ['/usr/bin/bash', '-c', 'cd /script/dmart ; python dm_mplus_billing.py || exit 3']
[2025-12-08T00:15:52.578+0000] {subprocess.py:86} INFO - Output:
[2025-12-08T00:15:53.888+0000] {subprocess.py:93} INFO - 2025-12-08 00:15:53,888 - INFO - Running DBT: dbt run --select tag:dm_mplus_billing --target ref_prod --project-dir /script/dbt --profiles-dir /script/dbt
[2025-12-08T00:15:59.192+0000] {subprocess.py:93} INFO - 2025-12-08 00:15:59,191 - ERROR - DBT run failed.
[2025-12-08T00:15:59.196+0000] {subprocess.py:93} INFO - 2025-12-08 00:15:59,192 - ERROR - Script execution failed: DBT run failed
[2025-12-08T00:15:59.196+0000] {subprocess.py:93} INFO - Traceback (most recent call last):
[2025-12-08T00:15:59.197+0000] {subprocess.py:93} INFO -   File "/script/dmart/dm_mplus_billing.py", line 82, in main
[2025-12-08T00:15:59.197+0000] {subprocess.py:93} INFO -     run_dbt()
[2025-12-08T00:15:59.198+0000] {subprocess.py:93} INFO -   File "/script/dmart/dm_mplus_billing.py", line 41, in run_dbt
[2025-12-08T00:15:59.199+0000] {subprocess.py:93} INFO -     raise RuntimeError("DBT run failed")
[2025-12-08T00:15:59.200+0000] {subprocess.py:93} INFO - RuntimeError: DBT run failed
[2025-12-08T00:15:59.201+0000] {subprocess.py:93} INFO - [0m00:15:57  Running with dbt=1.5.9
[2025-12-08T00:15:59.202+0000] {subprocess.py:93} INFO - [0m00:15:57  Registered adapter: postgres=1.5.9
[2025-12-08T00:15:59.203+0000] {subprocess.py:93} INFO - [0m00:15:57  Encountered an error:
[2025-12-08T00:15:59.204+0000] {subprocess.py:93} INFO - 'dbt_postgres://macros/catalog.sql'
[2025-12-08T00:15:59.205+0000] {subprocess.py:93} INFO - [0m00:15:57  Traceback (most recent call last):
[2025-12-08T00:15:59.206+0000] {subprocess.py:93} INFO -   File "/home/airflow/.local/lib/python3.12/site-packages/dbt/cli/requires.py", line 86, in wrapper
[2025-12-08T00:15:59.207+0000] {subprocess.py:93} INFO -     result, success = func(*args, **kwargs)
[2025-12-08T00:15:59.207+0000] {subprocess.py:93} INFO -                       ^^^^^^^^^^^^^^^^^^^^^
[2025-12-08T00:15:59.208+0000] {subprocess.py:93} INFO -   File "/home/airflow/.local/lib/python3.12/site-packages/dbt/cli/requires.py", line 71, in wrapper
[2025-12-08T00:15:59.209+0000] {subprocess.py:93} INFO -     return func(*args, **kwargs)
[2025-12-08T00:15:59.209+0000] {subprocess.py:93} INFO -            ^^^^^^^^^^^^^^^^^^^^^
[2025-12-08T00:15:59.210+0000] {subprocess.py:93} INFO -   File "/home/airflow/.local/lib/python3.12/site-packages/dbt/cli/requires.py", line 142, in wrapper
[2025-12-08T00:15:59.210+0000] {subprocess.py:93} INFO -     return func(*args, **kwargs)
[2025-12-08T00:15:59.211+0000] {subprocess.py:93} INFO -            ^^^^^^^^^^^^^^^^^^^^^
[2025-12-08T00:15:59.211+0000] {subprocess.py:93} INFO -   File "/home/airflow/.local/lib/python3.12/site-packages/dbt/cli/requires.py", line 168, in wrapper
[2025-12-08T00:15:59.211+0000] {subprocess.py:93} INFO -     return func(*args, **kwargs)
[2025-12-08T00:15:59.212+0000] {subprocess.py:93} INFO -            ^^^^^^^^^^^^^^^^^^^^^
[2025-12-08T00:15:59.212+0000] {subprocess.py:93} INFO -   File "/home/airflow/.local/lib/python3.12/site-packages/dbt/cli/requires.py", line 215, in wrapper
[2025-12-08T00:15:59.213+0000] {subprocess.py:93} INFO -     return func(*args, **kwargs)
[2025-12-08T00:15:59.213+0000] {subprocess.py:93} INFO -            ^^^^^^^^^^^^^^^^^^^^^
[2025-12-08T00:15:59.213+0000] {subprocess.py:93} INFO -   File "/home/airflow/.local/lib/python3.12/site-packages/dbt/cli/requires.py", line 242, in wrapper
[2025-12-08T00:15:59.214+0000] {subprocess.py:93} INFO -     manifest = ManifestLoader.get_full_manifest(
[2025-12-08T00:15:59.214+0000] {subprocess.py:93} INFO -                ^^^^^^^^^^^^^^^^^^^^^^^^^^^^^^^^^
[2025-12-08T00:15:59.214+0000] {subprocess.py:93} INFO -   File "/home/airflow/.local/lib/python3.12/site-packages/dbt/parser/manifest.py", line 227, in get_full_manifest
[2025-12-08T00:15:59.215+0000] {subprocess.py:93} INFO -     manifest = loader.load()
[2025-12-08T00:15:59.216+0000] {subprocess.py:93} INFO -                ^^^^^^^^^^^^^
[2025-12-08T00:15:59.217+0000] {subprocess.py:93} INFO -   File "/home/airflow/.local/lib/python3.12/site-packages/dbt/parser/manifest.py", line 351, in load
[2025-12-08T00:15:59.217+0000] {subprocess.py:93} INFO -     self.load_and_parse_macros(project_parser_files)
[2025-12-08T00:15:59.218+0000] {subprocess.py:93} INFO -   File "/home/airflow/.local/lib/python3.12/site-packages/dbt/parser/manifest.py", line 458, in load_and_parse_macros
[2025-12-08T00:15:59.219+0000] {subprocess.py:93} INFO -     block = FileBlock(self.manifest.files[file_id])
[2025-12-08T00:15:59.220+0000] {subprocess.py:93} INFO -                       ~~~~~~~~~~~~~~~~~~~^^^^^^^^^
[2025-12-08T00:15:59.221+0000] {subprocess.py:93} INFO - KeyError: 'dbt_postgres://macros/catalog.sql'
[2025-12-08T00:15:59.221+0000] {subprocess.py:93} INFO - 
[2025-12-08T00:15:59.222+0000] {subprocess.py:93} INFO - 
[2025-12-08T00:15:59.222+0000] {subprocess.py:93} INFO - Traceback (most recent call last):
[2025-12-08T00:15:59.222+0000] {subprocess.py:93} INFO -   File "/script/dmart/dm_mplus_billing.py", line 92, in <module>
[2025-12-08T00:15:59.223+0000] {subprocess.py:93} INFO -     main()
[2025-12-08T00:15:59.223+0000] {subprocess.py:93} INFO -   File "/script/dmart/dm_mplus_billing.py", line 82, in main
[2025-12-08T00:15:59.223+0000] {subprocess.py:93} INFO -     run_dbt()
[2025-12-08T00:15:59.224+0000] {subprocess.py:93} INFO -   File "/script/dmart/dm_mplus_billing.py", line 41, in run_dbt
[2025-12-08T00:15:59.225+0000] {subprocess.py:93} INFO -     raise RuntimeError("DBT run failed")
[2025-12-08T00:15:59.226+0000] {subprocess.py:93} INFO - RuntimeError: DBT run failed
[2025-12-08T00:15:59.298+0000] {subprocess.py:97} INFO - Command exited with return code 3
[2025-12-08T00:15:59.299+0000] {taskinstance.py:441} INFO - ::group::Post task execution logs
[2025-12-08T00:15:59.313+0000] {taskinstance.py:2890} ERROR - Task failed with exception
Traceback (most recent call last):
  File "/home/airflow/.local/lib/python3.12/site-packages/airflow/models/taskinstance.py", line 465, in _execute_task
    result = _execute_callable(context=context, **execute_callable_kwargs)
             ^^^^^^^^^^^^^^^^^^^^^^^^^^^^^^^^^^^^^^^^^^^^^^^^^^^^^^^^^^^^^
  File "/home/airflow/.local/lib/python3.12/site-packages/airflow/models/taskinstance.py", line 432, in _execute_callable
    return execute_callable(context=context, **execute_callable_kwargs)
           ^^^^^^^^^^^^^^^^^^^^^^^^^^^^^^^^^^^^^^^^^^^^^^^^^^^^^^^^^^^^
  File "/home/airflow/.local/lib/python3.12/site-packages/airflow/models/baseoperator.py", line 400, in wrapper
    return func(self, *args, **kwargs)
           ^^^^^^^^^^^^^^^^^^^^^^^^^^^
  File "/home/airflow/.local/lib/python3.12/site-packages/airflow/operators/bash.py", line 243, in execute
    raise AirflowException(
airflow.exceptions.AirflowException: Bash command failed. The command returned a non-zero exit code 3.
[2025-12-08T00:15:59.318+0000] {taskinstance.py:1205} INFO - Marking task as FAILED. dag_id=dm_mplus_stt_dmart, task_id=dm_mplus_billing, execution_date=20251208T001550, start_date=20251208T001552, end_date=20251208T001559
[2025-12-08T00:15:59.334+0000] {standard_task_runner.py:110} ERROR - Failed to execute job 28 for task dm_mplus_billing (Bash command failed. The command returned a non-zero exit code 3.; 238)
[2025-12-08T00:15:59.379+0000] {local_task_job_runner.py:240} INFO - Task exited with return code 1
[2025-12-08T00:15:59.398+0000] {taskinstance.py:3482} INFO - 0 downstream tasks scheduled from follow-on schedule check
[2025-12-08T00:15:59.402+0000] {local_task_job_runner.py:222} INFO - ::endgroup::
