[2025-12-08T09:26:29.294+0700] {local_task_job_runner.py:120} INFO - ::group::Pre task execution logs
[2025-12-08T09:26:29.323+0700] {taskinstance.py:2073} INFO - Dependencies all met for dep_context=non-requeueable deps ti=<TaskInstance: drive_to_refine.mplus_stt manual__2025-12-08T02:26:28.301910+00:00 [queued]>
[2025-12-08T09:26:29.332+0700] {taskinstance.py:2073} INFO - Dependencies all met for dep_context=requeueable deps ti=<TaskInstance: drive_to_refine.mplus_stt manual__2025-12-08T02:26:28.301910+00:00 [queued]>
[2025-12-08T09:26:29.334+0700] {taskinstance.py:2303} INFO - Starting attempt 1 of 1
[2025-12-08T09:26:29.352+0700] {taskinstance.py:2327} INFO - Executing <Task(BashOperator): mplus_stt> on 2025-12-08 02:26:28.301910+00:00
[2025-12-08T09:26:29.359+0700] {warnings.py:110} WARNING - /home/airflow/.local/lib/python3.12/site-packages/airflow/task/task_runner/standard_task_runner.py:61: DeprecationWarning: This process (pid=1019) is multi-threaded, use of fork() may lead to deadlocks in the child.
  pid = os.fork()

[2025-12-08T09:26:29.361+0700] {standard_task_runner.py:63} INFO - Started process 1020 to run task
[2025-12-08T09:26:29.361+0700] {standard_task_runner.py:90} INFO - Running: ['airflow', 'tasks', 'run', 'drive_to_refine', 'mplus_stt', 'manual__2025-12-08T02:26:28.301910+00:00', '--job-id', '93', '--raw', '--subdir', 'DAGS_FOLDER/source_to_target/drive_to_refine.py', '--cfg-path', '/tmp/tmpxd21kq_5']
[2025-12-08T09:26:29.363+0700] {standard_task_runner.py:91} INFO - Job 93: Subtask mplus_stt
[2025-12-08T09:26:29.448+0700] {task_command.py:426} INFO - Running <TaskInstance: drive_to_refine.mplus_stt manual__2025-12-08T02:26:28.301910+00:00 [running]> on host 455f26e89cec
[2025-12-08T09:26:29.584+0700] {taskinstance.py:2644} INFO - Exporting env vars: AIRFLOW_CTX_DAG_OWNER='airflow' AIRFLOW_CTX_DAG_ID='drive_to_refine' AIRFLOW_CTX_TASK_ID='mplus_stt' AIRFLOW_CTX_EXECUTION_DATE='2025-12-08T02:26:28.301910+00:00' AIRFLOW_CTX_TRY_NUMBER='1' AIRFLOW_CTX_DAG_RUN_ID='manual__2025-12-08T02:26:28.301910+00:00'
[2025-12-08T09:26:29.585+0700] {taskinstance.py:430} INFO - ::endgroup::
[2025-12-08T09:26:29.600+0700] {subprocess.py:63} INFO - Tmp dir root location: /tmp
[2025-12-08T09:26:29.602+0700] {subprocess.py:75} INFO - Running command: ['/usr/bin/bash', '-c', 'cd /script/staging ; python mplus_stt.py || exit 3']
[2025-12-08T09:26:29.613+0700] {subprocess.py:86} INFO - Output:
[2025-12-08T09:26:30.847+0700] {subprocess.py:93} INFO - Retrieving folder contents
[2025-12-08T09:26:31.598+0700] {subprocess.py:93} INFO - Retrieving folder contents completed
[2025-12-08T09:26:31.599+0700] {subprocess.py:93} INFO - Building directory structure
[2025-12-08T09:26:31.600+0700] {subprocess.py:93} INFO - Building directory structure completed
[2025-12-08T09:26:41.418+0700] {subprocess.py:93} INFO - Downloading all files inside Google Drive folder...
[2025-12-08T09:26:41.419+0700] {subprocess.py:93} INFO - Processing file 1i-9rOleCUaVOt64-SB6z0XAVeLZaxlqL STT1.csv
[2025-12-08T09:26:41.419+0700] {subprocess.py:93} INFO - Processing file 1bfmlLJYx2fYNf2vhwiqIYpVGdrJiKvQ- STT2.csv
[2025-12-08T09:26:41.420+0700] {subprocess.py:93} INFO - Traceback (most recent call last):
[2025-12-08T09:26:41.420+0700] {subprocess.py:93} INFO -   File "/home/airflow/.local/lib/python3.12/site-packages/gdown/download.py", line 267, in download
[2025-12-08T09:26:41.421+0700] {subprocess.py:93} INFO -     url = get_url_from_gdrive_confirmation(res.text)
[2025-12-08T09:26:41.422+0700] {subprocess.py:93} INFO -           ^^^^^^^^^^^^^^^^^^^^^^^^^^^^^^^^^^^^^^^^^^
[2025-12-08T09:26:41.423+0700] {subprocess.py:93} INFO -   File "/home/airflow/.local/lib/python3.12/site-packages/gdown/download.py", line 55, in get_url_from_gdrive_confirmation
[2025-12-08T09:26:41.423+0700] {subprocess.py:93} INFO -     raise FileURLRetrievalError(
[2025-12-08T09:26:41.424+0700] {subprocess.py:93} INFO - gdown.exceptions.FileURLRetrievalError: Cannot retrieve the public link of the file. You may need to change the permission to 'Anyone with the link', or have had many accesses. Check FAQ in https://github.com/wkentaro/gdown?tab=readme-ov-file#faq.
[2025-12-08T09:26:41.424+0700] {subprocess.py:93} INFO - 
[2025-12-08T09:26:41.425+0700] {subprocess.py:93} INFO - During handling of the above exception, another exception occurred:
[2025-12-08T09:26:41.425+0700] {subprocess.py:93} INFO - 
[2025-12-08T09:26:41.426+0700] {subprocess.py:93} INFO - Traceback (most recent call last):
[2025-12-08T09:26:41.426+0700] {subprocess.py:93} INFO -   File "/script/staging/mplus_stt.py", line 72, in <module>
[2025-12-08T09:26:41.427+0700] {subprocess.py:93} INFO -     download_all_files()
[2025-12-08T09:26:41.428+0700] {subprocess.py:93} INFO -   File "/script/staging/mplus_stt.py", line 23, in download_all_files
[2025-12-08T09:26:41.428+0700] {subprocess.py:93} INFO -     gdown.download_folder(
[2025-12-08T09:26:41.428+0700] {subprocess.py:93} INFO -   File "/home/airflow/.local/lib/python3.12/site-packages/gdown/download_folder.py", line 325, in download_folder
[2025-12-08T09:26:41.429+0700] {subprocess.py:93} INFO -     local_path = download(
[2025-12-08T09:26:41.429+0700] {subprocess.py:93} INFO -                  ^^^^^^^^^
[2025-12-08T09:26:41.430+0700] {subprocess.py:93} INFO -   File "/home/airflow/.local/lib/python3.12/site-packages/gdown/download.py", line 278, in download
[2025-12-08T09:26:41.430+0700] {subprocess.py:93} INFO -     raise FileURLRetrievalError(message)
[2025-12-08T09:26:41.430+0700] {subprocess.py:93} INFO - gdown.exceptions.FileURLRetrievalError: Failed to retrieve file url:
[2025-12-08T09:26:41.431+0700] {subprocess.py:93} INFO - 
[2025-12-08T09:26:41.431+0700] {subprocess.py:93} INFO - 	Cannot retrieve the public link of the file. You may need to change
[2025-12-08T09:26:41.432+0700] {subprocess.py:93} INFO - 	the permission to 'Anyone with the link', or have had many accesses.
[2025-12-08T09:26:41.432+0700] {subprocess.py:93} INFO - 	Check FAQ in https://github.com/wkentaro/gdown?tab=readme-ov-file#faq.
[2025-12-08T09:26:41.433+0700] {subprocess.py:93} INFO - 
[2025-12-08T09:26:41.433+0700] {subprocess.py:93} INFO - You may still be able to access the file from the browser:
[2025-12-08T09:26:41.434+0700] {subprocess.py:93} INFO - 
[2025-12-08T09:26:41.435+0700] {subprocess.py:93} INFO - 	https://drive.google.com/uc?id=1i-9rOleCUaVOt64-SB6z0XAVeLZaxlqL
[2025-12-08T09:26:41.435+0700] {subprocess.py:93} INFO - 
[2025-12-08T09:26:41.436+0700] {subprocess.py:93} INFO - but Gdown can't. Please check connections and permissions.
[2025-12-08T09:26:41.522+0700] {subprocess.py:97} INFO - Command exited with return code 3
[2025-12-08T09:26:41.523+0700] {taskinstance.py:441} INFO - ::group::Post task execution logs
[2025-12-08T09:26:41.540+0700] {taskinstance.py:2890} ERROR - Task failed with exception
Traceback (most recent call last):
  File "/home/airflow/.local/lib/python3.12/site-packages/airflow/models/taskinstance.py", line 465, in _execute_task
    result = _execute_callable(context=context, **execute_callable_kwargs)
             ^^^^^^^^^^^^^^^^^^^^^^^^^^^^^^^^^^^^^^^^^^^^^^^^^^^^^^^^^^^^^
  File "/home/airflow/.local/lib/python3.12/site-packages/airflow/models/taskinstance.py", line 432, in _execute_callable
    return execute_callable(context=context, **execute_callable_kwargs)
           ^^^^^^^^^^^^^^^^^^^^^^^^^^^^^^^^^^^^^^^^^^^^^^^^^^^^^^^^^^^^
  File "/home/airflow/.local/lib/python3.12/site-packages/airflow/models/baseoperator.py", line 400, in wrapper
    return func(self, *args, **kwargs)
           ^^^^^^^^^^^^^^^^^^^^^^^^^^^
  File "/home/airflow/.local/lib/python3.12/site-packages/airflow/operators/bash.py", line 243, in execute
    raise AirflowException(
airflow.exceptions.AirflowException: Bash command failed. The command returned a non-zero exit code 3.
[2025-12-08T09:26:41.545+0700] {taskinstance.py:1205} INFO - Marking task as FAILED. dag_id=drive_to_refine, task_id=mplus_stt, execution_date=20251208T022628, start_date=20251208T022629, end_date=20251208T022641
[2025-12-08T09:26:41.561+0700] {standard_task_runner.py:110} ERROR - Failed to execute job 93 for task mplus_stt (Bash command failed. The command returned a non-zero exit code 3.; 1020)
[2025-12-08T09:26:41.601+0700] {local_task_job_runner.py:240} INFO - Task exited with return code 1
[2025-12-08T09:26:41.629+0700] {taskinstance.py:3482} INFO - 0 downstream tasks scheduled from follow-on schedule check
[2025-12-08T09:26:41.638+0700] {local_task_job_runner.py:222} INFO - ::endgroup::
