[2025-12-08T01:21:04.291+0000] {local_task_job_runner.py:120} INFO - ::group::Pre task execution logs
[2025-12-08T01:21:04.325+0000] {taskinstance.py:2073} INFO - Dependencies all met for dep_context=non-requeueable deps ti=<TaskInstance: dm_mplus_stt_dmart.dm_mplus_billing manual__2025-12-08T01:21:02.974911+00:00 [queued]>
[2025-12-08T01:21:04.335+0000] {taskinstance.py:2073} INFO - Dependencies all met for dep_context=requeueable deps ti=<TaskInstance: dm_mplus_stt_dmart.dm_mplus_billing manual__2025-12-08T01:21:02.974911+00:00 [queued]>
[2025-12-08T01:21:04.336+0000] {taskinstance.py:2303} INFO - Starting attempt 1 of 1
[2025-12-08T01:21:04.353+0000] {taskinstance.py:2327} INFO - Executing <Task(BashOperator): dm_mplus_billing> on 2025-12-08 01:21:02.974911+00:00
[2025-12-08T01:21:04.359+0000] {warnings.py:110} WARNING - /home/airflow/.local/lib/python3.12/site-packages/airflow/task/task_runner/standard_task_runner.py:61: DeprecationWarning: This process (pid=377) is multi-threaded, use of fork() may lead to deadlocks in the child.
  pid = os.fork()

[2025-12-08T01:21:04.360+0000] {standard_task_runner.py:90} INFO - Running: ['airflow', 'tasks', 'run', 'dm_mplus_stt_dmart', 'dm_mplus_billing', 'manual__2025-12-08T01:21:02.974911+00:00', '--job-id', '42', '--raw', '--subdir', 'DAGS_FOLDER/dmart/dm_mplus_billing.py', '--cfg-path', '/tmp/tmpiv9mx1ja']
[2025-12-08T01:21:04.362+0000] {standard_task_runner.py:63} INFO - Started process 378 to run task
[2025-12-08T01:21:04.363+0000] {standard_task_runner.py:91} INFO - Job 42: Subtask dm_mplus_billing
[2025-12-08T01:21:04.456+0000] {task_command.py:426} INFO - Running <TaskInstance: dm_mplus_stt_dmart.dm_mplus_billing manual__2025-12-08T01:21:02.974911+00:00 [running]> on host a1c568a6392d
[2025-12-08T01:21:04.576+0000] {taskinstance.py:2644} INFO - Exporting env vars: AIRFLOW_CTX_DAG_OWNER='airflow' AIRFLOW_CTX_DAG_ID='dm_mplus_stt_dmart' AIRFLOW_CTX_TASK_ID='dm_mplus_billing' AIRFLOW_CTX_EXECUTION_DATE='2025-12-08T01:21:02.974911+00:00' AIRFLOW_CTX_TRY_NUMBER='1' AIRFLOW_CTX_DAG_RUN_ID='manual__2025-12-08T01:21:02.974911+00:00'
[2025-12-08T01:21:04.578+0000] {taskinstance.py:430} INFO - ::endgroup::
[2025-12-08T01:21:04.593+0000] {subprocess.py:63} INFO - Tmp dir root location: /tmp
[2025-12-08T01:21:04.595+0000] {subprocess.py:75} INFO - Running command: ['/usr/bin/bash', '-c', 'cd /script/dmart ; python dm_mplus_billing.py || exit 3']
[2025-12-08T01:21:04.605+0000] {subprocess.py:86} INFO - Output:
[2025-12-08T01:21:05.834+0000] {subprocess.py:93} INFO - 2025-12-08 01:21:05,834 - INFO - Running DBT: dbt run --select tag:dm_mplus_billing --target ref_prod --project-dir /script/dbt --profiles-dir /script/dbt
[2025-12-08T01:21:12.736+0000] {subprocess.py:93} INFO - 2025-12-08 01:21:12,735 - INFO - DBT run completed successfully.
[2025-12-08T01:21:12.776+0000] {subprocess.py:93} INFO - 2025-12-08 01:21:12,776 - INFO - Mengambil data dari refine.dm_mplus_billing ...
[2025-12-08T01:21:12.785+0000] {subprocess.py:93} INFO - /script/dmart/dm_mplus_billing.py:58: UserWarning: pandas only supports SQLAlchemy connectable (engine/connection) or database string URI or sqlite3 DBAPI2 connection. Other DBAPI2 objects are not tested. Please consider using SQLAlchemy.
[2025-12-08T01:21:12.786+0000] {subprocess.py:93} INFO -   df = pd.read_sql(query, conn) # <-- KOREKSI BARIS INI
[2025-12-08T01:21:12.787+0000] {subprocess.py:93} INFO - 2025-12-08 01:21:12,785 - ERROR - Script execution failed: 'Connection' object has no attribute 'cursor'
[2025-12-08T01:21:12.788+0000] {subprocess.py:93} INFO - Traceback (most recent call last):
[2025-12-08T01:21:12.788+0000] {subprocess.py:93} INFO -   File "/script/dmart/dm_mplus_billing.py", line 88, in main
[2025-12-08T01:21:12.789+0000] {subprocess.py:93} INFO -     copy_refine_to_dmart()
[2025-12-08T01:21:12.789+0000] {subprocess.py:93} INFO -   File "/script/dmart/dm_mplus_billing.py", line 58, in copy_refine_to_dmart
[2025-12-08T01:21:12.790+0000] {subprocess.py:93} INFO -     df = pd.read_sql(query, conn) # <-- KOREKSI BARIS INI
[2025-12-08T01:21:12.790+0000] {subprocess.py:93} INFO -          ^^^^^^^^^^^^^^^^^^^^^^^^
[2025-12-08T01:21:12.790+0000] {subprocess.py:93} INFO -   File "/home/airflow/.local/lib/python3.12/site-packages/pandas/io/sql.py", line 706, in read_sql
[2025-12-08T01:21:12.791+0000] {subprocess.py:93} INFO -     return pandas_sql.read_query(
[2025-12-08T01:21:12.791+0000] {subprocess.py:93} INFO -            ^^^^^^^^^^^^^^^^^^^^^^
[2025-12-08T01:21:12.792+0000] {subprocess.py:93} INFO -   File "/home/airflow/.local/lib/python3.12/site-packages/pandas/io/sql.py", line 2738, in read_query
[2025-12-08T01:21:12.792+0000] {subprocess.py:93} INFO -     cursor = self.execute(sql, params)
[2025-12-08T01:21:12.792+0000] {subprocess.py:93} INFO -              ^^^^^^^^^^^^^^^^^^^^^^^^^
[2025-12-08T01:21:12.793+0000] {subprocess.py:93} INFO -   File "/home/airflow/.local/lib/python3.12/site-packages/pandas/io/sql.py", line 2672, in execute
[2025-12-08T01:21:12.793+0000] {subprocess.py:93} INFO -     cur = self.con.cursor()
[2025-12-08T01:21:12.793+0000] {subprocess.py:93} INFO -           ^^^^^^^^^^^^^^^
[2025-12-08T01:21:12.794+0000] {subprocess.py:93} INFO - AttributeError: 'Connection' object has no attribute 'cursor'
[2025-12-08T01:21:12.794+0000] {subprocess.py:93} INFO - [0m01:21:09  Running with dbt=1.7.0
[2025-12-08T01:21:12.794+0000] {subprocess.py:93} INFO - [0m01:21:09  Registered adapter: postgres=1.7.0
[2025-12-08T01:21:12.795+0000] {subprocess.py:93} INFO - [0m01:21:09  Unable to do partial parsing because of a version mismatch
[2025-12-08T01:21:12.795+0000] {subprocess.py:93} INFO - [0m01:21:10  [[33mWARNING[0m]: Configuration paths exist in your dbt_project.yml file which do not apply to any resources.
[2025-12-08T01:21:12.795+0000] {subprocess.py:93} INFO - There are 1 unused configuration paths:
[2025-12-08T01:21:12.796+0000] {subprocess.py:93} INFO - - models.mplus_dbt.example
[2025-12-08T01:21:12.796+0000] {subprocess.py:93} INFO - [0m01:21:10  Found 2 models, 0 sources, 0 exposures, 0 metrics, 401 macros, 0 groups, 0 semantic models
[2025-12-08T01:21:12.796+0000] {subprocess.py:93} INFO - [0m01:21:10
[2025-12-08T01:21:12.797+0000] {subprocess.py:93} INFO - [0m01:21:10  Concurrency: 1 threads (target='ref_prod')
[2025-12-08T01:21:12.797+0000] {subprocess.py:93} INFO - [0m01:21:10
[2025-12-08T01:21:12.797+0000] {subprocess.py:93} INFO - [0m01:21:10  1 of 1 START sql table model refine.dm_mplus_billing ........................... [RUN]
[2025-12-08T01:21:12.797+0000] {subprocess.py:93} INFO - [0m01:21:11  1 of 1 OK created sql table model refine.dm_mplus_billing ...................... [[32mSELECT 100[0m in 0.20s]
[2025-12-08T01:21:12.798+0000] {subprocess.py:93} INFO - [0m01:21:11
[2025-12-08T01:21:12.798+0000] {subprocess.py:93} INFO - [0m01:21:11  Finished running 1 table model in 0 hours 0 minutes and 0.38 seconds (0.38s).
[2025-12-08T01:21:12.799+0000] {subprocess.py:93} INFO - [0m01:21:11
[2025-12-08T01:21:12.799+0000] {subprocess.py:93} INFO - [0m01:21:11  [32mCompleted successfully[0m
[2025-12-08T01:21:12.799+0000] {subprocess.py:93} INFO - [0m01:21:11
[2025-12-08T01:21:12.800+0000] {subprocess.py:93} INFO - [0m01:21:11  Done. PASS=1 WARN=0 ERROR=0 SKIP=0 TOTAL=1
[2025-12-08T01:21:12.800+0000] {subprocess.py:93} INFO - 
[2025-12-08T01:21:12.800+0000] {subprocess.py:93} INFO - Traceback (most recent call last):
[2025-12-08T01:21:12.801+0000] {subprocess.py:93} INFO -   File "/script/dmart/dm_mplus_billing.py", line 97, in <module>
[2025-12-08T01:21:12.801+0000] {subprocess.py:93} INFO -     main()
[2025-12-08T01:21:12.801+0000] {subprocess.py:93} INFO -   File "/script/dmart/dm_mplus_billing.py", line 88, in main
[2025-12-08T01:21:12.802+0000] {subprocess.py:93} INFO -     copy_refine_to_dmart()
[2025-12-08T01:21:12.802+0000] {subprocess.py:93} INFO -   File "/script/dmart/dm_mplus_billing.py", line 58, in copy_refine_to_dmart
[2025-12-08T01:21:12.802+0000] {subprocess.py:93} INFO -     df = pd.read_sql(query, conn) # <-- KOREKSI BARIS INI
[2025-12-08T01:21:12.803+0000] {subprocess.py:93} INFO -          ^^^^^^^^^^^^^^^^^^^^^^^^
[2025-12-08T01:21:12.803+0000] {subprocess.py:93} INFO -   File "/home/airflow/.local/lib/python3.12/site-packages/pandas/io/sql.py", line 706, in read_sql
[2025-12-08T01:21:12.804+0000] {subprocess.py:93} INFO -     return pandas_sql.read_query(
[2025-12-08T01:21:12.804+0000] {subprocess.py:93} INFO -            ^^^^^^^^^^^^^^^^^^^^^^
[2025-12-08T01:21:12.804+0000] {subprocess.py:93} INFO -   File "/home/airflow/.local/lib/python3.12/site-packages/pandas/io/sql.py", line 2738, in read_query
[2025-12-08T01:21:12.805+0000] {subprocess.py:93} INFO -     cursor = self.execute(sql, params)
[2025-12-08T01:21:12.805+0000] {subprocess.py:93} INFO -              ^^^^^^^^^^^^^^^^^^^^^^^^^
[2025-12-08T01:21:12.805+0000] {subprocess.py:93} INFO -   File "/home/airflow/.local/lib/python3.12/site-packages/pandas/io/sql.py", line 2672, in execute
[2025-12-08T01:21:12.805+0000] {subprocess.py:93} INFO -     cur = self.con.cursor()
[2025-12-08T01:21:12.806+0000] {subprocess.py:93} INFO -           ^^^^^^^^^^^^^^^
[2025-12-08T01:21:12.806+0000] {subprocess.py:93} INFO - AttributeError: 'Connection' object has no attribute 'cursor'
[2025-12-08T01:21:12.888+0000] {subprocess.py:97} INFO - Command exited with return code 3
[2025-12-08T01:21:12.889+0000] {taskinstance.py:441} INFO - ::group::Post task execution logs
[2025-12-08T01:21:12.907+0000] {taskinstance.py:2890} ERROR - Task failed with exception
Traceback (most recent call last):
  File "/home/airflow/.local/lib/python3.12/site-packages/airflow/models/taskinstance.py", line 465, in _execute_task
    result = _execute_callable(context=context, **execute_callable_kwargs)
             ^^^^^^^^^^^^^^^^^^^^^^^^^^^^^^^^^^^^^^^^^^^^^^^^^^^^^^^^^^^^^
  File "/home/airflow/.local/lib/python3.12/site-packages/airflow/models/taskinstance.py", line 432, in _execute_callable
    return execute_callable(context=context, **execute_callable_kwargs)
           ^^^^^^^^^^^^^^^^^^^^^^^^^^^^^^^^^^^^^^^^^^^^^^^^^^^^^^^^^^^^
  File "/home/airflow/.local/lib/python3.12/site-packages/airflow/models/baseoperator.py", line 400, in wrapper
    return func(self, *args, **kwargs)
           ^^^^^^^^^^^^^^^^^^^^^^^^^^^
  File "/home/airflow/.local/lib/python3.12/site-packages/airflow/operators/bash.py", line 243, in execute
    raise AirflowException(
airflow.exceptions.AirflowException: Bash command failed. The command returned a non-zero exit code 3.
[2025-12-08T01:21:12.914+0000] {taskinstance.py:1205} INFO - Marking task as FAILED. dag_id=dm_mplus_stt_dmart, task_id=dm_mplus_billing, execution_date=20251208T012102, start_date=20251208T012104, end_date=20251208T012112
[2025-12-08T01:21:12.930+0000] {standard_task_runner.py:110} ERROR - Failed to execute job 42 for task dm_mplus_billing (Bash command failed. The command returned a non-zero exit code 3.; 378)
[2025-12-08T01:21:12.973+0000] {local_task_job_runner.py:240} INFO - Task exited with return code 1
[2025-12-08T01:21:12.996+0000] {taskinstance.py:3482} INFO - 0 downstream tasks scheduled from follow-on schedule check
[2025-12-08T01:21:12.999+0000] {local_task_job_runner.py:222} INFO - ::endgroup::
