[2025-12-08T01:28:24.893+0000] {local_task_job_runner.py:120} INFO - ::group::Pre task execution logs
[2025-12-08T01:28:24.923+0000] {taskinstance.py:2073} INFO - Dependencies all met for dep_context=non-requeueable deps ti=<TaskInstance: dm_mplus_stt_dmart.dm_mplus_billing manual__2025-12-08T01:28:23.820881+00:00 [queued]>
[2025-12-08T01:28:24.933+0000] {taskinstance.py:2073} INFO - Dependencies all met for dep_context=requeueable deps ti=<TaskInstance: dm_mplus_stt_dmart.dm_mplus_billing manual__2025-12-08T01:28:23.820881+00:00 [queued]>
[2025-12-08T01:28:24.934+0000] {taskinstance.py:2303} INFO - Starting attempt 1 of 1
[2025-12-08T01:28:24.949+0000] {taskinstance.py:2327} INFO - Executing <Task(BashOperator): dm_mplus_billing> on 2025-12-08 01:28:23.820881+00:00
[2025-12-08T01:28:24.955+0000] {warnings.py:110} WARNING - /home/airflow/.local/lib/python3.12/site-packages/airflow/task/task_runner/standard_task_runner.py:61: DeprecationWarning: This process (pid=536) is multi-threaded, use of fork() may lead to deadlocks in the child.
  pid = os.fork()

[2025-12-08T01:28:24.957+0000] {standard_task_runner.py:63} INFO - Started process 537 to run task
[2025-12-08T01:28:24.956+0000] {standard_task_runner.py:90} INFO - Running: ['airflow', 'tasks', 'run', 'dm_mplus_stt_dmart', 'dm_mplus_billing', 'manual__2025-12-08T01:28:23.820881+00:00', '--job-id', '45', '--raw', '--subdir', 'DAGS_FOLDER/dmart/dm_mplus_billing.py', '--cfg-path', '/tmp/tmpjj_fbjp_']
[2025-12-08T01:28:24.959+0000] {standard_task_runner.py:91} INFO - Job 45: Subtask dm_mplus_billing
[2025-12-08T01:28:25.051+0000] {task_command.py:426} INFO - Running <TaskInstance: dm_mplus_stt_dmart.dm_mplus_billing manual__2025-12-08T01:28:23.820881+00:00 [running]> on host a1c568a6392d
[2025-12-08T01:28:25.169+0000] {taskinstance.py:2644} INFO - Exporting env vars: AIRFLOW_CTX_DAG_OWNER='airflow' AIRFLOW_CTX_DAG_ID='dm_mplus_stt_dmart' AIRFLOW_CTX_TASK_ID='dm_mplus_billing' AIRFLOW_CTX_EXECUTION_DATE='2025-12-08T01:28:23.820881+00:00' AIRFLOW_CTX_TRY_NUMBER='1' AIRFLOW_CTX_DAG_RUN_ID='manual__2025-12-08T01:28:23.820881+00:00'
[2025-12-08T01:28:25.170+0000] {taskinstance.py:430} INFO - ::endgroup::
[2025-12-08T01:28:25.183+0000] {subprocess.py:63} INFO - Tmp dir root location: /tmp
[2025-12-08T01:28:25.185+0000] {subprocess.py:75} INFO - Running command: ['/usr/bin/bash', '-c', 'cd /script/dmart ; python dm_mplus_billing.py || exit 3']
[2025-12-08T01:28:25.195+0000] {subprocess.py:86} INFO - Output:
[2025-12-08T01:28:26.407+0000] {subprocess.py:93} INFO - 2025-12-08 01:28:26,406 - INFO - Running DBT: dbt run --select tag:dm_mplus_billing --target ref_prod --project-dir /script/dbt --profiles-dir /script/dbt
[2025-12-08T01:28:32.047+0000] {subprocess.py:93} INFO - 2025-12-08 01:28:32,047 - INFO - DBT run completed successfully.
[2025-12-08T01:28:32.104+0000] {subprocess.py:93} INFO - 2025-12-08 01:28:32,104 - INFO - Mengambil data dari refine.dm_mplus_billing ...
[2025-12-08T01:28:32.114+0000] {subprocess.py:93} INFO - /script/dmart/dm_mplus_billing.py:63: UserWarning: pandas only supports SQLAlchemy connectable (engine/connection) or database string URI or sqlite3 DBAPI2 connection. Other DBAPI2 objects are not tested. Please consider using SQLAlchemy.
[2025-12-08T01:28:32.115+0000] {subprocess.py:93} INFO -   df = pd.read_sql(query, raw_conn)
[2025-12-08T01:28:32.117+0000] {subprocess.py:93} INFO - 2025-12-08 01:28:32,117 - INFO - Jumlah baris di refine: 100
[2025-12-08T01:28:32.118+0000] {subprocess.py:93} INFO - 2025-12-08 01:28:32,117 - INFO - Menulis data ke dmart.dm_mplus_billing ...
[2025-12-08T01:28:32.119+0000] {subprocess.py:93} INFO - /script/dmart/dm_mplus_billing.py:70: UserWarning: pandas only supports SQLAlchemy connectable (engine/connection) or database string URI or sqlite3 DBAPI2 connection. Other DBAPI2 objects are not tested. Please consider using SQLAlchemy.
[2025-12-08T01:28:32.119+0000] {subprocess.py:93} INFO -   df.to_sql(
[2025-12-08T01:28:32.126+0000] {subprocess.py:93} INFO - 2025-12-08 01:28:32,120 - ERROR - Script execution failed: Execution failed on sql '
[2025-12-08T01:28:32.129+0000] {subprocess.py:93} INFO -         SELECT
[2025-12-08T01:28:32.130+0000] {subprocess.py:93} INFO -             name
[2025-12-08T01:28:32.131+0000] {subprocess.py:93} INFO -         FROM
[2025-12-08T01:28:32.133+0000] {subprocess.py:93} INFO -             sqlite_master
[2025-12-08T01:28:32.134+0000] {subprocess.py:93} INFO -         WHERE
[2025-12-08T01:28:32.136+0000] {subprocess.py:93} INFO -             type IN ('table', 'view')
[2025-12-08T01:28:32.136+0000] {subprocess.py:93} INFO -             AND name=?;
[2025-12-08T01:28:32.137+0000] {subprocess.py:93} INFO -         ': syntax error at or near ";"
[2025-12-08T01:28:32.138+0000] {subprocess.py:93} INFO - LINE 8:             AND name=?;
[2025-12-08T01:28:32.138+0000] {subprocess.py:93} INFO -                               ^
[2025-12-08T01:28:32.139+0000] {subprocess.py:93} INFO - Traceback (most recent call last):
[2025-12-08T01:28:32.139+0000] {subprocess.py:93} INFO -   File "/home/airflow/.local/lib/python3.12/site-packages/pandas/io/sql.py", line 2674, in execute
[2025-12-08T01:28:32.140+0000] {subprocess.py:93} INFO -     cur.execute(sql, *args)
[2025-12-08T01:28:32.140+0000] {subprocess.py:93} INFO - psycopg2.errors.SyntaxError: syntax error at or near ";"
[2025-12-08T01:28:32.141+0000] {subprocess.py:93} INFO - LINE 8:             AND name=?;
[2025-12-08T01:28:32.141+0000] {subprocess.py:93} INFO -                               ^
[2025-12-08T01:28:32.142+0000] {subprocess.py:93} INFO - 
[2025-12-08T01:28:32.142+0000] {subprocess.py:93} INFO - 
[2025-12-08T01:28:32.143+0000] {subprocess.py:93} INFO - The above exception was the direct cause of the following exception:
[2025-12-08T01:28:32.143+0000] {subprocess.py:93} INFO - 
[2025-12-08T01:28:32.143+0000] {subprocess.py:93} INFO - Traceback (most recent call last):
[2025-12-08T01:28:32.144+0000] {subprocess.py:93} INFO -   File "/script/dmart/dm_mplus_billing.py", line 100, in main
[2025-12-08T01:28:32.144+0000] {subprocess.py:93} INFO -     copy_refine_to_dmart()
[2025-12-08T01:28:32.145+0000] {subprocess.py:93} INFO -   File "/script/dmart/dm_mplus_billing.py", line 70, in copy_refine_to_dmart
[2025-12-08T01:28:32.145+0000] {subprocess.py:93} INFO -     df.to_sql(
[2025-12-08T01:28:32.145+0000] {subprocess.py:93} INFO -   File "/home/airflow/.local/lib/python3.12/site-packages/pandas/util/_decorators.py", line 333, in wrapper
[2025-12-08T01:28:32.146+0000] {subprocess.py:93} INFO -     return func(*args, **kwargs)
[2025-12-08T01:28:32.146+0000] {subprocess.py:93} INFO -            ^^^^^^^^^^^^^^^^^^^^^
[2025-12-08T01:28:32.147+0000] {subprocess.py:93} INFO -   File "/home/airflow/.local/lib/python3.12/site-packages/pandas/core/generic.py", line 3087, in to_sql
[2025-12-08T01:28:32.147+0000] {subprocess.py:93} INFO -     return sql.to_sql(
[2025-12-08T01:28:32.148+0000] {subprocess.py:93} INFO -            ^^^^^^^^^^^
[2025-12-08T01:28:32.149+0000] {subprocess.py:93} INFO -   File "/home/airflow/.local/lib/python3.12/site-packages/pandas/io/sql.py", line 842, in to_sql
[2025-12-08T01:28:32.149+0000] {subprocess.py:93} INFO -     return pandas_sql.to_sql(
[2025-12-08T01:28:32.149+0000] {subprocess.py:93} INFO -            ^^^^^^^^^^^^^^^^^^
[2025-12-08T01:28:32.150+0000] {subprocess.py:93} INFO -   File "/home/airflow/.local/lib/python3.12/site-packages/pandas/io/sql.py", line 2850, in to_sql
[2025-12-08T01:28:32.151+0000] {subprocess.py:93} INFO -     table.create()
[2025-12-08T01:28:32.151+0000] {subprocess.py:93} INFO -   File "/home/airflow/.local/lib/python3.12/site-packages/pandas/io/sql.py", line 984, in create
[2025-12-08T01:28:32.152+0000] {subprocess.py:93} INFO -     if self.exists():
[2025-12-08T01:28:32.153+0000] {subprocess.py:93} INFO -        ^^^^^^^^^^^^^
[2025-12-08T01:28:32.154+0000] {subprocess.py:93} INFO -   File "/home/airflow/.local/lib/python3.12/site-packages/pandas/io/sql.py", line 970, in exists
[2025-12-08T01:28:32.154+0000] {subprocess.py:93} INFO -     return self.pd_sql.has_table(self.name, self.schema)
[2025-12-08T01:28:32.155+0000] {subprocess.py:93} INFO -            ^^^^^^^^^^^^^^^^^^^^^^^^^^^^^^^^^^^^^^^^^^^^^
[2025-12-08T01:28:32.156+0000] {subprocess.py:93} INFO -   File "/home/airflow/.local/lib/python3.12/site-packages/pandas/io/sql.py", line 2865, in has_table
[2025-12-08T01:28:32.156+0000] {subprocess.py:93} INFO -     return len(self.execute(query, [name]).fetchall()) > 0
[2025-12-08T01:28:32.157+0000] {subprocess.py:93} INFO -                ^^^^^^^^^^^^^^^^^^^^^^^^^^^
[2025-12-08T01:28:32.158+0000] {subprocess.py:93} INFO -   File "/home/airflow/.local/lib/python3.12/site-packages/pandas/io/sql.py", line 2686, in execute
[2025-12-08T01:28:32.158+0000] {subprocess.py:93} INFO -     raise ex from exc
[2025-12-08T01:28:32.159+0000] {subprocess.py:93} INFO - pandas.errors.DatabaseError: Execution failed on sql '
[2025-12-08T01:28:32.160+0000] {subprocess.py:93} INFO -         SELECT
[2025-12-08T01:28:32.160+0000] {subprocess.py:93} INFO -             name
[2025-12-08T01:28:32.161+0000] {subprocess.py:93} INFO -         FROM
[2025-12-08T01:28:32.161+0000] {subprocess.py:93} INFO -             sqlite_master
[2025-12-08T01:28:32.162+0000] {subprocess.py:93} INFO -         WHERE
[2025-12-08T01:28:32.163+0000] {subprocess.py:93} INFO -             type IN ('table', 'view')
[2025-12-08T01:28:32.163+0000] {subprocess.py:93} INFO -             AND name=?;
[2025-12-08T01:28:32.164+0000] {subprocess.py:93} INFO -         ': syntax error at or near ";"
[2025-12-08T01:28:32.164+0000] {subprocess.py:93} INFO - LINE 8:             AND name=?;
[2025-12-08T01:28:32.165+0000] {subprocess.py:93} INFO -                               ^
[2025-12-08T01:28:32.165+0000] {subprocess.py:93} INFO - 
[2025-12-08T01:28:32.166+0000] {subprocess.py:93} INFO - [0m01:28:29  Running with dbt=1.7.0
[2025-12-08T01:28:32.166+0000] {subprocess.py:93} INFO - [0m01:28:29  Registered adapter: postgres=1.7.0
[2025-12-08T01:28:32.167+0000] {subprocess.py:93} INFO - [0m01:28:29  [[33mWARNING[0m]: Configuration paths exist in your dbt_project.yml file which do not apply to any resources.
[2025-12-08T01:28:32.167+0000] {subprocess.py:93} INFO - There are 1 unused configuration paths:
[2025-12-08T01:28:32.168+0000] {subprocess.py:93} INFO - - models.mplus_dbt.example
[2025-12-08T01:28:32.168+0000] {subprocess.py:93} INFO - [0m01:28:29  Found 2 models, 0 sources, 0 exposures, 0 metrics, 401 macros, 0 groups, 0 semantic models
[2025-12-08T01:28:32.168+0000] {subprocess.py:93} INFO - [0m01:28:29
[2025-12-08T01:28:32.169+0000] {subprocess.py:93} INFO - [0m01:28:30  Concurrency: 1 threads (target='ref_prod')
[2025-12-08T01:28:32.170+0000] {subprocess.py:93} INFO - [0m01:28:30
[2025-12-08T01:28:32.170+0000] {subprocess.py:93} INFO - [0m01:28:30  1 of 1 START sql table model refine.dm_mplus_billing ........................... [RUN]
[2025-12-08T01:28:32.171+0000] {subprocess.py:93} INFO - [0m01:28:30  1 of 1 OK created sql table model refine.dm_mplus_billing ...................... [[32mSELECT 100[0m in 0.22s]
[2025-12-08T01:28:32.171+0000] {subprocess.py:93} INFO - [0m01:28:30
[2025-12-08T01:28:32.172+0000] {subprocess.py:93} INFO - [0m01:28:30  Finished running 1 table model in 0 hours 0 minutes and 0.40 seconds (0.40s).
[2025-12-08T01:28:32.172+0000] {subprocess.py:93} INFO - [0m01:28:30
[2025-12-08T01:28:32.173+0000] {subprocess.py:93} INFO - [0m01:28:30  [32mCompleted successfully[0m
[2025-12-08T01:28:32.173+0000] {subprocess.py:93} INFO - [0m01:28:30
[2025-12-08T01:28:32.174+0000] {subprocess.py:93} INFO - [0m01:28:30  Done. PASS=1 WARN=0 ERROR=0 SKIP=0 TOTAL=1
[2025-12-08T01:28:32.175+0000] {subprocess.py:93} INFO - 
[2025-12-08T01:28:32.175+0000] {subprocess.py:93} INFO - Traceback (most recent call last):
[2025-12-08T01:28:32.176+0000] {subprocess.py:93} INFO -   File "/home/airflow/.local/lib/python3.12/site-packages/pandas/io/sql.py", line 2674, in execute
[2025-12-08T01:28:32.177+0000] {subprocess.py:93} INFO -     cur.execute(sql, *args)
[2025-12-08T01:28:32.177+0000] {subprocess.py:93} INFO - psycopg2.errors.SyntaxError: syntax error at or near ";"
[2025-12-08T01:28:32.178+0000] {subprocess.py:93} INFO - LINE 8:             AND name=?;
[2025-12-08T01:28:32.179+0000] {subprocess.py:93} INFO -                               ^
[2025-12-08T01:28:32.179+0000] {subprocess.py:93} INFO - 
[2025-12-08T01:28:32.180+0000] {subprocess.py:93} INFO - 
[2025-12-08T01:28:32.180+0000] {subprocess.py:93} INFO - The above exception was the direct cause of the following exception:
[2025-12-08T01:28:32.181+0000] {subprocess.py:93} INFO - 
[2025-12-08T01:28:32.182+0000] {subprocess.py:93} INFO - Traceback (most recent call last):
[2025-12-08T01:28:32.182+0000] {subprocess.py:93} INFO -   File "/script/dmart/dm_mplus_billing.py", line 109, in <module>
[2025-12-08T01:28:32.183+0000] {subprocess.py:93} INFO -     main()
[2025-12-08T01:28:32.183+0000] {subprocess.py:93} INFO -   File "/script/dmart/dm_mplus_billing.py", line 100, in main
[2025-12-08T01:28:32.184+0000] {subprocess.py:93} INFO -     copy_refine_to_dmart()
[2025-12-08T01:28:32.184+0000] {subprocess.py:93} INFO -   File "/script/dmart/dm_mplus_billing.py", line 70, in copy_refine_to_dmart
[2025-12-08T01:28:32.185+0000] {subprocess.py:93} INFO -     df.to_sql(
[2025-12-08T01:28:32.186+0000] {subprocess.py:93} INFO -   File "/home/airflow/.local/lib/python3.12/site-packages/pandas/util/_decorators.py", line 333, in wrapper
[2025-12-08T01:28:32.186+0000] {subprocess.py:93} INFO -     return func(*args, **kwargs)
[2025-12-08T01:28:32.187+0000] {subprocess.py:93} INFO -            ^^^^^^^^^^^^^^^^^^^^^
[2025-12-08T01:28:32.187+0000] {subprocess.py:93} INFO -   File "/home/airflow/.local/lib/python3.12/site-packages/pandas/core/generic.py", line 3087, in to_sql
[2025-12-08T01:28:32.188+0000] {subprocess.py:93} INFO -     return sql.to_sql(
[2025-12-08T01:28:32.188+0000] {subprocess.py:93} INFO -            ^^^^^^^^^^^
[2025-12-08T01:28:32.188+0000] {subprocess.py:93} INFO -   File "/home/airflow/.local/lib/python3.12/site-packages/pandas/io/sql.py", line 842, in to_sql
[2025-12-08T01:28:32.189+0000] {subprocess.py:93} INFO -     return pandas_sql.to_sql(
[2025-12-08T01:28:32.189+0000] {subprocess.py:93} INFO -            ^^^^^^^^^^^^^^^^^^
[2025-12-08T01:28:32.190+0000] {subprocess.py:93} INFO -   File "/home/airflow/.local/lib/python3.12/site-packages/pandas/io/sql.py", line 2850, in to_sql
[2025-12-08T01:28:32.190+0000] {subprocess.py:93} INFO -     table.create()
[2025-12-08T01:28:32.191+0000] {subprocess.py:93} INFO -   File "/home/airflow/.local/lib/python3.12/site-packages/pandas/io/sql.py", line 984, in create
[2025-12-08T01:28:32.191+0000] {subprocess.py:93} INFO -     if self.exists():
[2025-12-08T01:28:32.192+0000] {subprocess.py:93} INFO -        ^^^^^^^^^^^^^
[2025-12-08T01:28:32.192+0000] {subprocess.py:93} INFO -   File "/home/airflow/.local/lib/python3.12/site-packages/pandas/io/sql.py", line 970, in exists
[2025-12-08T01:28:32.193+0000] {subprocess.py:93} INFO -     return self.pd_sql.has_table(self.name, self.schema)
[2025-12-08T01:28:32.193+0000] {subprocess.py:93} INFO -            ^^^^^^^^^^^^^^^^^^^^^^^^^^^^^^^^^^^^^^^^^^^^^
[2025-12-08T01:28:32.194+0000] {subprocess.py:93} INFO -   File "/home/airflow/.local/lib/python3.12/site-packages/pandas/io/sql.py", line 2865, in has_table
[2025-12-08T01:28:32.194+0000] {subprocess.py:93} INFO -     return len(self.execute(query, [name]).fetchall()) > 0
[2025-12-08T01:28:32.194+0000] {subprocess.py:93} INFO -                ^^^^^^^^^^^^^^^^^^^^^^^^^^^
[2025-12-08T01:28:32.195+0000] {subprocess.py:93} INFO -   File "/home/airflow/.local/lib/python3.12/site-packages/pandas/io/sql.py", line 2686, in execute
[2025-12-08T01:28:32.195+0000] {subprocess.py:93} INFO -     raise ex from exc
[2025-12-08T01:28:32.196+0000] {subprocess.py:93} INFO - pandas.errors.DatabaseError: Execution failed on sql '
[2025-12-08T01:28:32.196+0000] {subprocess.py:93} INFO -         SELECT
[2025-12-08T01:28:32.197+0000] {subprocess.py:93} INFO -             name
[2025-12-08T01:28:32.197+0000] {subprocess.py:93} INFO -         FROM
[2025-12-08T01:28:32.197+0000] {subprocess.py:93} INFO -             sqlite_master
[2025-12-08T01:28:32.198+0000] {subprocess.py:93} INFO -         WHERE
[2025-12-08T01:28:32.198+0000] {subprocess.py:93} INFO -             type IN ('table', 'view')
[2025-12-08T01:28:32.199+0000] {subprocess.py:93} INFO -             AND name=?;
[2025-12-08T01:28:32.200+0000] {subprocess.py:93} INFO -         ': syntax error at or near ";"
[2025-12-08T01:28:32.200+0000] {subprocess.py:93} INFO - LINE 8:             AND name=?;
[2025-12-08T01:28:32.201+0000] {subprocess.py:93} INFO -                               ^
[2025-12-08T01:28:32.202+0000] {subprocess.py:93} INFO - 
[2025-12-08T01:28:32.265+0000] {subprocess.py:97} INFO - Command exited with return code 3
[2025-12-08T01:28:32.266+0000] {taskinstance.py:441} INFO - ::group::Post task execution logs
[2025-12-08T01:28:32.288+0000] {taskinstance.py:2890} ERROR - Task failed with exception
Traceback (most recent call last):
  File "/home/airflow/.local/lib/python3.12/site-packages/airflow/models/taskinstance.py", line 465, in _execute_task
    result = _execute_callable(context=context, **execute_callable_kwargs)
             ^^^^^^^^^^^^^^^^^^^^^^^^^^^^^^^^^^^^^^^^^^^^^^^^^^^^^^^^^^^^^
  File "/home/airflow/.local/lib/python3.12/site-packages/airflow/models/taskinstance.py", line 432, in _execute_callable
    return execute_callable(context=context, **execute_callable_kwargs)
           ^^^^^^^^^^^^^^^^^^^^^^^^^^^^^^^^^^^^^^^^^^^^^^^^^^^^^^^^^^^^
  File "/home/airflow/.local/lib/python3.12/site-packages/airflow/models/baseoperator.py", line 400, in wrapper
    return func(self, *args, **kwargs)
           ^^^^^^^^^^^^^^^^^^^^^^^^^^^
  File "/home/airflow/.local/lib/python3.12/site-packages/airflow/operators/bash.py", line 243, in execute
    raise AirflowException(
airflow.exceptions.AirflowException: Bash command failed. The command returned a non-zero exit code 3.
[2025-12-08T01:28:32.294+0000] {taskinstance.py:1205} INFO - Marking task as FAILED. dag_id=dm_mplus_stt_dmart, task_id=dm_mplus_billing, execution_date=20251208T012823, start_date=20251208T012824, end_date=20251208T012832
[2025-12-08T01:28:32.312+0000] {standard_task_runner.py:110} ERROR - Failed to execute job 45 for task dm_mplus_billing (Bash command failed. The command returned a non-zero exit code 3.; 537)
[2025-12-08T01:28:32.343+0000] {local_task_job_runner.py:240} INFO - Task exited with return code 1
[2025-12-08T01:28:32.372+0000] {taskinstance.py:3482} INFO - 0 downstream tasks scheduled from follow-on schedule check
[2025-12-08T01:28:32.375+0000] {local_task_job_runner.py:222} INFO - ::endgroup::
