[2025-12-08T01:13:18.163+0000] {local_task_job_runner.py:120} INFO - ::group::Pre task execution logs
[2025-12-08T01:13:18.192+0000] {taskinstance.py:2073} INFO - Dependencies all met for dep_context=non-requeueable deps ti=<TaskInstance: drive_to_refine.ref_mplus_stt manual__2025-12-08T01:12:57.571484+00:00 [queued]>
[2025-12-08T01:13:18.201+0000] {taskinstance.py:2073} INFO - Dependencies all met for dep_context=requeueable deps ti=<TaskInstance: drive_to_refine.ref_mplus_stt manual__2025-12-08T01:12:57.571484+00:00 [queued]>
[2025-12-08T01:13:18.202+0000] {taskinstance.py:2303} INFO - Starting attempt 1 of 1
[2025-12-08T01:13:18.217+0000] {taskinstance.py:2327} INFO - Executing <Task(BashOperator): ref_mplus_stt> on 2025-12-08 01:12:57.571484+00:00
[2025-12-08T01:13:18.224+0000] {warnings.py:110} WARNING - /home/airflow/.local/lib/python3.12/site-packages/airflow/task/task_runner/standard_task_runner.py:61: DeprecationWarning: This process (pid=174) is multi-threaded, use of fork() may lead to deadlocks in the child.
  pid = os.fork()

[2025-12-08T01:13:18.226+0000] {standard_task_runner.py:63} INFO - Started process 175 to run task
[2025-12-08T01:13:18.227+0000] {standard_task_runner.py:90} INFO - Running: ['airflow', 'tasks', 'run', 'drive_to_refine', 'ref_mplus_stt', 'manual__2025-12-08T01:12:57.571484+00:00', '--job-id', '38', '--raw', '--subdir', 'DAGS_FOLDER/source_to_target/drive_to_refine.py', '--cfg-path', '/tmp/tmpjpyfv4f_']
[2025-12-08T01:13:18.232+0000] {standard_task_runner.py:91} INFO - Job 38: Subtask ref_mplus_stt
[2025-12-08T01:13:18.331+0000] {task_command.py:426} INFO - Running <TaskInstance: drive_to_refine.ref_mplus_stt manual__2025-12-08T01:12:57.571484+00:00 [running]> on host a1c568a6392d
[2025-12-08T01:13:18.457+0000] {taskinstance.py:2644} INFO - Exporting env vars: AIRFLOW_CTX_DAG_OWNER='airflow' AIRFLOW_CTX_DAG_ID='drive_to_refine' AIRFLOW_CTX_TASK_ID='ref_mplus_stt' AIRFLOW_CTX_EXECUTION_DATE='2025-12-08T01:12:57.571484+00:00' AIRFLOW_CTX_TRY_NUMBER='1' AIRFLOW_CTX_DAG_RUN_ID='manual__2025-12-08T01:12:57.571484+00:00'
[2025-12-08T01:13:18.459+0000] {taskinstance.py:430} INFO - ::endgroup::
[2025-12-08T01:13:18.474+0000] {subprocess.py:63} INFO - Tmp dir root location: /tmp
[2025-12-08T01:13:18.475+0000] {subprocess.py:75} INFO - Running command: ['/usr/bin/bash', '-c', 'cd /script/refine ; python ref_mplus_stt.py || exit 3']
[2025-12-08T01:13:18.485+0000] {subprocess.py:86} INFO - Output:
[2025-12-08T01:13:20.149+0000] {subprocess.py:93} INFO - 2025-12-08 01:13:20,149 - INFO - Berhasil upload 550 rows ke refine.mplus_stt
[2025-12-08T01:13:20.153+0000] {subprocess.py:93} INFO - 2025-12-08 01:13:20,150 - INFO - Tabel 'refine.mplus_stt' berhasil dibuat dari parquet
[2025-12-08T01:13:20.155+0000] {subprocess.py:93} INFO - 2025-12-08 01:13:20,150 - INFO - Running DBT command: dbt run --select tag:mplus_stt --target ref_prod --project-dir /script/dbt --profiles-dir /script/dbt
[2025-12-08T01:13:26.974+0000] {subprocess.py:93} INFO - 2025-12-08 01:13:26,974 - ERROR - DBT run failed.
[2025-12-08T01:13:26.975+0000] {subprocess.py:93} INFO - 2025-12-08 01:13:26,974 - ERROR - Script execution failed: DBT run failed
[2025-12-08T01:13:26.976+0000] {subprocess.py:93} INFO - [0m01:13:24  Running with dbt=1.7.0
[2025-12-08T01:13:26.976+0000] {subprocess.py:93} INFO - [0m01:13:25  Registered adapter: postgres=1.7.0
[2025-12-08T01:13:26.977+0000] {subprocess.py:93} INFO - [0m01:13:25  [[33mWARNING[0m]: Configuration paths exist in your dbt_project.yml file which do not apply to any resources.
[2025-12-08T01:13:26.978+0000] {subprocess.py:93} INFO - There are 1 unused configuration paths:
[2025-12-08T01:13:26.979+0000] {subprocess.py:93} INFO - - models.mplus_dbt.example
[2025-12-08T01:13:26.979+0000] {subprocess.py:93} INFO - [0m01:13:25  Found 2 models, 0 sources, 0 exposures, 0 metrics, 401 macros, 0 groups, 0 semantic models
[2025-12-08T01:13:26.980+0000] {subprocess.py:93} INFO - [0m01:13:25
[2025-12-08T01:13:26.980+0000] {subprocess.py:93} INFO - [0m01:13:25
[2025-12-08T01:13:26.981+0000] {subprocess.py:93} INFO - [0m01:13:25  Finished running  in 0 hours 0 minutes and 0.04 seconds (0.04s).
[2025-12-08T01:13:26.982+0000] {subprocess.py:93} INFO - [0m01:13:25  Encountered an error:
[2025-12-08T01:13:26.983+0000] {subprocess.py:93} INFO - Database Error
[2025-12-08T01:13:26.984+0000] {subprocess.py:93} INFO -   connection to server at "localhost" (::1), port 5432 failed: Connection refused
[2025-12-08T01:13:26.985+0000] {subprocess.py:93} INFO -   	Is the server running on that host and accepting TCP/IP connections?
[2025-12-08T01:13:26.986+0000] {subprocess.py:93} INFO -   connection to server at "localhost" (127.0.0.1), port 5432 failed: Connection refused
[2025-12-08T01:13:26.987+0000] {subprocess.py:93} INFO -   	Is the server running on that host and accepting TCP/IP connections?
[2025-12-08T01:13:26.987+0000] {subprocess.py:93} INFO - 
[2025-12-08T01:13:26.988+0000] {subprocess.py:93} INFO - 
[2025-12-08T01:13:26.988+0000] {subprocess.py:93} INFO - Traceback (most recent call last):
[2025-12-08T01:13:26.989+0000] {subprocess.py:93} INFO -   File "/script/refine/ref_mplus_stt.py", line 115, in <module>
[2025-12-08T01:13:26.990+0000] {subprocess.py:93} INFO -     main()
[2025-12-08T01:13:26.990+0000] {subprocess.py:93} INFO -   File "/script/refine/ref_mplus_stt.py", line 99, in main
[2025-12-08T01:13:26.991+0000] {subprocess.py:93} INFO -     raise Exception("DBT run failed")
[2025-12-08T01:13:26.992+0000] {subprocess.py:93} INFO - Exception: DBT run failed
[2025-12-08T01:13:27.089+0000] {subprocess.py:97} INFO - Command exited with return code 3
[2025-12-08T01:13:27.090+0000] {taskinstance.py:441} INFO - ::group::Post task execution logs
[2025-12-08T01:13:27.111+0000] {taskinstance.py:2890} ERROR - Task failed with exception
Traceback (most recent call last):
  File "/home/airflow/.local/lib/python3.12/site-packages/airflow/models/taskinstance.py", line 465, in _execute_task
    result = _execute_callable(context=context, **execute_callable_kwargs)
             ^^^^^^^^^^^^^^^^^^^^^^^^^^^^^^^^^^^^^^^^^^^^^^^^^^^^^^^^^^^^^
  File "/home/airflow/.local/lib/python3.12/site-packages/airflow/models/taskinstance.py", line 432, in _execute_callable
    return execute_callable(context=context, **execute_callable_kwargs)
           ^^^^^^^^^^^^^^^^^^^^^^^^^^^^^^^^^^^^^^^^^^^^^^^^^^^^^^^^^^^^
  File "/home/airflow/.local/lib/python3.12/site-packages/airflow/models/baseoperator.py", line 400, in wrapper
    return func(self, *args, **kwargs)
           ^^^^^^^^^^^^^^^^^^^^^^^^^^^
  File "/home/airflow/.local/lib/python3.12/site-packages/airflow/operators/bash.py", line 243, in execute
    raise AirflowException(
airflow.exceptions.AirflowException: Bash command failed. The command returned a non-zero exit code 3.
[2025-12-08T01:13:27.117+0000] {taskinstance.py:1205} INFO - Marking task as FAILED. dag_id=drive_to_refine, task_id=ref_mplus_stt, execution_date=20251208T011257, start_date=20251208T011318, end_date=20251208T011327
[2025-12-08T01:13:27.135+0000] {standard_task_runner.py:110} ERROR - Failed to execute job 38 for task ref_mplus_stt (Bash command failed. The command returned a non-zero exit code 3.; 175)
[2025-12-08T01:13:27.188+0000] {local_task_job_runner.py:240} INFO - Task exited with return code 1
[2025-12-08T01:13:27.219+0000] {taskinstance.py:3482} INFO - 0 downstream tasks scheduled from follow-on schedule check
[2025-12-08T01:13:27.222+0000] {local_task_job_runner.py:222} INFO - ::endgroup::
