[2025-12-08T01:16:10.687+0000] {local_task_job_runner.py:120} INFO - ::group::Pre task execution logs
[2025-12-08T01:16:10.715+0000] {taskinstance.py:2073} INFO - Dependencies all met for dep_context=non-requeueable deps ti=<TaskInstance: dm_mplus_stt_dmart.dm_mplus_billing manual__2025-12-08T01:16:09.554728+00:00 [queued]>
[2025-12-08T01:16:10.725+0000] {taskinstance.py:2073} INFO - Dependencies all met for dep_context=requeueable deps ti=<TaskInstance: dm_mplus_stt_dmart.dm_mplus_billing manual__2025-12-08T01:16:09.554728+00:00 [queued]>
[2025-12-08T01:16:10.727+0000] {taskinstance.py:2303} INFO - Starting attempt 1 of 1
[2025-12-08T01:16:10.741+0000] {taskinstance.py:2327} INFO - Executing <Task(BashOperator): dm_mplus_billing> on 2025-12-08 01:16:09.554728+00:00
[2025-12-08T01:16:10.748+0000] {warnings.py:110} WARNING - /home/airflow/.local/lib/python3.12/site-packages/airflow/task/task_runner/standard_task_runner.py:61: DeprecationWarning: This process (pid=294) is multi-threaded, use of fork() may lead to deadlocks in the child.
  pid = os.fork()

[2025-12-08T01:16:10.749+0000] {standard_task_runner.py:63} INFO - Started process 295 to run task
[2025-12-08T01:16:10.749+0000] {standard_task_runner.py:90} INFO - Running: ['airflow', 'tasks', 'run', 'dm_mplus_stt_dmart', 'dm_mplus_billing', 'manual__2025-12-08T01:16:09.554728+00:00', '--job-id', '41', '--raw', '--subdir', 'DAGS_FOLDER/dmart/dm_mplus_billing.py', '--cfg-path', '/tmp/tmp7dupqza5']
[2025-12-08T01:16:10.752+0000] {standard_task_runner.py:91} INFO - Job 41: Subtask dm_mplus_billing
[2025-12-08T01:16:10.844+0000] {task_command.py:426} INFO - Running <TaskInstance: dm_mplus_stt_dmart.dm_mplus_billing manual__2025-12-08T01:16:09.554728+00:00 [running]> on host a1c568a6392d
[2025-12-08T01:16:10.965+0000] {taskinstance.py:2644} INFO - Exporting env vars: AIRFLOW_CTX_DAG_OWNER='airflow' AIRFLOW_CTX_DAG_ID='dm_mplus_stt_dmart' AIRFLOW_CTX_TASK_ID='dm_mplus_billing' AIRFLOW_CTX_EXECUTION_DATE='2025-12-08T01:16:09.554728+00:00' AIRFLOW_CTX_TRY_NUMBER='1' AIRFLOW_CTX_DAG_RUN_ID='manual__2025-12-08T01:16:09.554728+00:00'
[2025-12-08T01:16:10.967+0000] {taskinstance.py:430} INFO - ::endgroup::
[2025-12-08T01:16:10.979+0000] {subprocess.py:63} INFO - Tmp dir root location: /tmp
[2025-12-08T01:16:10.981+0000] {subprocess.py:75} INFO - Running command: ['/usr/bin/bash', '-c', 'cd /script/dmart ; python dm_mplus_billing.py || exit 3']
[2025-12-08T01:16:10.991+0000] {subprocess.py:86} INFO - Output:
[2025-12-08T01:16:12.123+0000] {subprocess.py:93} INFO - 2025-12-08 01:16:12,123 - INFO - Running DBT: dbt run --select tag:dm_mplus_billing --target ref_prod --project-dir /script/dbt --profiles-dir /script/dbt
[2025-12-08T01:16:18.031+0000] {subprocess.py:93} INFO - 2025-12-08 01:16:18,031 - INFO - DBT run completed successfully.
[2025-12-08T01:16:18.069+0000] {subprocess.py:93} INFO - 2025-12-08 01:16:18,069 - INFO - Mengambil data dari refine.dm_mplus_billing ...
[2025-12-08T01:16:18.083+0000] {subprocess.py:93} INFO - /script/dmart/dm_mplus_billing.py:54: UserWarning: pandas only supports SQLAlchemy connectable (engine/connection) or database string URI or sqlite3 DBAPI2 connection. Other DBAPI2 objects are not tested. Please consider using SQLAlchemy.
[2025-12-08T01:16:18.084+0000] {subprocess.py:93} INFO -   df = pd.read_sql(query, engine)
[2025-12-08T01:16:18.086+0000] {subprocess.py:93} INFO - 2025-12-08 01:16:18,083 - ERROR - Script execution failed: 'Engine' object has no attribute 'cursor'
[2025-12-08T01:16:18.087+0000] {subprocess.py:93} INFO - Traceback (most recent call last):
[2025-12-08T01:16:18.087+0000] {subprocess.py:93} INFO -   File "/script/dmart/dm_mplus_billing.py", line 83, in main
[2025-12-08T01:16:18.088+0000] {subprocess.py:93} INFO -     copy_refine_to_dmart()
[2025-12-08T01:16:18.088+0000] {subprocess.py:93} INFO -   File "/script/dmart/dm_mplus_billing.py", line 54, in copy_refine_to_dmart
[2025-12-08T01:16:18.089+0000] {subprocess.py:93} INFO -     df = pd.read_sql(query, engine)
[2025-12-08T01:16:18.089+0000] {subprocess.py:93} INFO -          ^^^^^^^^^^^^^^^^^^^^^^^^^^
[2025-12-08T01:16:18.090+0000] {subprocess.py:93} INFO -   File "/home/airflow/.local/lib/python3.12/site-packages/pandas/io/sql.py", line 706, in read_sql
[2025-12-08T01:16:18.091+0000] {subprocess.py:93} INFO -     return pandas_sql.read_query(
[2025-12-08T01:16:18.091+0000] {subprocess.py:93} INFO -            ^^^^^^^^^^^^^^^^^^^^^^
[2025-12-08T01:16:18.092+0000] {subprocess.py:93} INFO -   File "/home/airflow/.local/lib/python3.12/site-packages/pandas/io/sql.py", line 2738, in read_query
[2025-12-08T01:16:18.092+0000] {subprocess.py:93} INFO -     cursor = self.execute(sql, params)
[2025-12-08T01:16:18.093+0000] {subprocess.py:93} INFO -              ^^^^^^^^^^^^^^^^^^^^^^^^^
[2025-12-08T01:16:18.093+0000] {subprocess.py:93} INFO -   File "/home/airflow/.local/lib/python3.12/site-packages/pandas/io/sql.py", line 2672, in execute
[2025-12-08T01:16:18.094+0000] {subprocess.py:93} INFO -     cur = self.con.cursor()
[2025-12-08T01:16:18.094+0000] {subprocess.py:93} INFO -           ^^^^^^^^^^^^^^^
[2025-12-08T01:16:18.095+0000] {subprocess.py:93} INFO - AttributeError: 'Engine' object has no attribute 'cursor'
[2025-12-08T01:16:18.095+0000] {subprocess.py:93} INFO - [0m01:16:15  Running with dbt=1.7.0
[2025-12-08T01:16:18.096+0000] {subprocess.py:93} INFO - [0m01:16:15  Registered adapter: postgres=1.7.0
[2025-12-08T01:16:18.096+0000] {subprocess.py:93} INFO - [0m01:16:15  [[33mWARNING[0m]: Configuration paths exist in your dbt_project.yml file which do not apply to any resources.
[2025-12-08T01:16:18.097+0000] {subprocess.py:93} INFO - There are 1 unused configuration paths:
[2025-12-08T01:16:18.097+0000] {subprocess.py:93} INFO - - models.mplus_dbt.example
[2025-12-08T01:16:18.098+0000] {subprocess.py:93} INFO - [0m01:16:15  Found 2 models, 0 sources, 0 exposures, 0 metrics, 401 macros, 0 groups, 0 semantic models
[2025-12-08T01:16:18.098+0000] {subprocess.py:93} INFO - [0m01:16:15
[2025-12-08T01:16:18.099+0000] {subprocess.py:93} INFO - [0m01:16:15  Concurrency: 1 threads (target='ref_prod')
[2025-12-08T01:16:18.099+0000] {subprocess.py:93} INFO - [0m01:16:15
[2025-12-08T01:16:18.100+0000] {subprocess.py:93} INFO - [0m01:16:16  1 of 1 START sql table model refine.dm_mplus_billing ........................... [RUN]
[2025-12-08T01:16:18.100+0000] {subprocess.py:93} INFO - [0m01:16:16  1 of 1 OK created sql table model refine.dm_mplus_billing ...................... [[32mSELECT 100[0m in 0.27s]
[2025-12-08T01:16:18.101+0000] {subprocess.py:93} INFO - [0m01:16:16
[2025-12-08T01:16:18.102+0000] {subprocess.py:93} INFO - [0m01:16:16  Finished running 1 table model in 0 hours 0 minutes and 0.53 seconds (0.53s).
[2025-12-08T01:16:18.102+0000] {subprocess.py:93} INFO - [0m01:16:16
[2025-12-08T01:16:18.103+0000] {subprocess.py:93} INFO - [0m01:16:16  [32mCompleted successfully[0m
[2025-12-08T01:16:18.103+0000] {subprocess.py:93} INFO - [0m01:16:16
[2025-12-08T01:16:18.104+0000] {subprocess.py:93} INFO - [0m01:16:16  Done. PASS=1 WARN=0 ERROR=0 SKIP=0 TOTAL=1
[2025-12-08T01:16:18.104+0000] {subprocess.py:93} INFO - 
[2025-12-08T01:16:18.105+0000] {subprocess.py:93} INFO - Traceback (most recent call last):
[2025-12-08T01:16:18.106+0000] {subprocess.py:93} INFO -   File "/script/dmart/dm_mplus_billing.py", line 92, in <module>
[2025-12-08T01:16:18.107+0000] {subprocess.py:93} INFO -     main()
[2025-12-08T01:16:18.107+0000] {subprocess.py:93} INFO -   File "/script/dmart/dm_mplus_billing.py", line 83, in main
[2025-12-08T01:16:18.108+0000] {subprocess.py:93} INFO -     copy_refine_to_dmart()
[2025-12-08T01:16:18.109+0000] {subprocess.py:93} INFO -   File "/script/dmart/dm_mplus_billing.py", line 54, in copy_refine_to_dmart
[2025-12-08T01:16:18.109+0000] {subprocess.py:93} INFO -     df = pd.read_sql(query, engine)
[2025-12-08T01:16:18.110+0000] {subprocess.py:93} INFO -          ^^^^^^^^^^^^^^^^^^^^^^^^^^
[2025-12-08T01:16:18.110+0000] {subprocess.py:93} INFO -   File "/home/airflow/.local/lib/python3.12/site-packages/pandas/io/sql.py", line 706, in read_sql
[2025-12-08T01:16:18.111+0000] {subprocess.py:93} INFO -     return pandas_sql.read_query(
[2025-12-08T01:16:18.112+0000] {subprocess.py:93} INFO -            ^^^^^^^^^^^^^^^^^^^^^^
[2025-12-08T01:16:18.112+0000] {subprocess.py:93} INFO -   File "/home/airflow/.local/lib/python3.12/site-packages/pandas/io/sql.py", line 2738, in read_query
[2025-12-08T01:16:18.113+0000] {subprocess.py:93} INFO -     cursor = self.execute(sql, params)
[2025-12-08T01:16:18.113+0000] {subprocess.py:93} INFO -              ^^^^^^^^^^^^^^^^^^^^^^^^^
[2025-12-08T01:16:18.114+0000] {subprocess.py:93} INFO -   File "/home/airflow/.local/lib/python3.12/site-packages/pandas/io/sql.py", line 2672, in execute
[2025-12-08T01:16:18.115+0000] {subprocess.py:93} INFO -     cur = self.con.cursor()
[2025-12-08T01:16:18.115+0000] {subprocess.py:93} INFO -           ^^^^^^^^^^^^^^^
[2025-12-08T01:16:18.116+0000] {subprocess.py:93} INFO - AttributeError: 'Engine' object has no attribute 'cursor'
[2025-12-08T01:16:18.211+0000] {subprocess.py:97} INFO - Command exited with return code 3
[2025-12-08T01:16:18.212+0000] {taskinstance.py:441} INFO - ::group::Post task execution logs
[2025-12-08T01:16:18.235+0000] {taskinstance.py:2890} ERROR - Task failed with exception
Traceback (most recent call last):
  File "/home/airflow/.local/lib/python3.12/site-packages/airflow/models/taskinstance.py", line 465, in _execute_task
    result = _execute_callable(context=context, **execute_callable_kwargs)
             ^^^^^^^^^^^^^^^^^^^^^^^^^^^^^^^^^^^^^^^^^^^^^^^^^^^^^^^^^^^^^
  File "/home/airflow/.local/lib/python3.12/site-packages/airflow/models/taskinstance.py", line 432, in _execute_callable
    return execute_callable(context=context, **execute_callable_kwargs)
           ^^^^^^^^^^^^^^^^^^^^^^^^^^^^^^^^^^^^^^^^^^^^^^^^^^^^^^^^^^^^
  File "/home/airflow/.local/lib/python3.12/site-packages/airflow/models/baseoperator.py", line 400, in wrapper
    return func(self, *args, **kwargs)
           ^^^^^^^^^^^^^^^^^^^^^^^^^^^
  File "/home/airflow/.local/lib/python3.12/site-packages/airflow/operators/bash.py", line 243, in execute
    raise AirflowException(
airflow.exceptions.AirflowException: Bash command failed. The command returned a non-zero exit code 3.
[2025-12-08T01:16:18.241+0000] {taskinstance.py:1205} INFO - Marking task as FAILED. dag_id=dm_mplus_stt_dmart, task_id=dm_mplus_billing, execution_date=20251208T011609, start_date=20251208T011610, end_date=20251208T011618
[2025-12-08T01:16:18.260+0000] {standard_task_runner.py:110} ERROR - Failed to execute job 41 for task dm_mplus_billing (Bash command failed. The command returned a non-zero exit code 3.; 295)
[2025-12-08T01:16:18.304+0000] {local_task_job_runner.py:240} INFO - Task exited with return code 1
[2025-12-08T01:16:18.331+0000] {taskinstance.py:3482} INFO - 0 downstream tasks scheduled from follow-on schedule check
[2025-12-08T01:16:18.335+0000] {local_task_job_runner.py:222} INFO - ::endgroup::
