[2025-12-07T23:32:56.363+0000] {local_task_job_runner.py:120} INFO - ::group::Pre task execution logs
[2025-12-07T23:32:56.396+0000] {taskinstance.py:2073} INFO - Dependencies all met for dep_context=non-requeueable deps ti=<TaskInstance: drive_to_refine.mplus_stt manual__2025-12-07T23:32:54.874488+00:00 [queued]>
[2025-12-07T23:32:56.405+0000] {taskinstance.py:2073} INFO - Dependencies all met for dep_context=requeueable deps ti=<TaskInstance: drive_to_refine.mplus_stt manual__2025-12-07T23:32:54.874488+00:00 [queued]>
[2025-12-07T23:32:56.407+0000] {taskinstance.py:2303} INFO - Starting attempt 1 of 1
[2025-12-07T23:32:56.423+0000] {taskinstance.py:2327} INFO - Executing <Task(BashOperator): mplus_stt> on 2025-12-07 23:32:54.874488+00:00
[2025-12-07T23:32:56.430+0000] {warnings.py:110} WARNING - /home/airflow/.local/lib/python3.12/site-packages/airflow/task/task_runner/standard_task_runner.py:61: DeprecationWarning: This process (pid=87) is multi-threaded, use of fork() may lead to deadlocks in the child.
  pid = os.fork()

[2025-12-07T23:32:56.431+0000] {standard_task_runner.py:63} INFO - Started process 88 to run task
[2025-12-07T23:32:56.431+0000] {standard_task_runner.py:90} INFO - Running: ['airflow', 'tasks', 'run', 'drive_to_refine', 'mplus_stt', 'manual__2025-12-07T23:32:54.874488+00:00', '--job-id', '15', '--raw', '--subdir', 'DAGS_FOLDER/source_to_target/drive_to_refine.py', '--cfg-path', '/tmp/tmp9ah7bo86']
[2025-12-07T23:32:56.434+0000] {standard_task_runner.py:91} INFO - Job 15: Subtask mplus_stt
[2025-12-07T23:32:56.518+0000] {task_command.py:426} INFO - Running <TaskInstance: drive_to_refine.mplus_stt manual__2025-12-07T23:32:54.874488+00:00 [running]> on host f8648ae2a249
[2025-12-07T23:32:56.633+0000] {taskinstance.py:2644} INFO - Exporting env vars: AIRFLOW_CTX_DAG_OWNER='airflow' AIRFLOW_CTX_DAG_ID='drive_to_refine' AIRFLOW_CTX_TASK_ID='mplus_stt' AIRFLOW_CTX_EXECUTION_DATE='2025-12-07T23:32:54.874488+00:00' AIRFLOW_CTX_TRY_NUMBER='1' AIRFLOW_CTX_DAG_RUN_ID='manual__2025-12-07T23:32:54.874488+00:00'
[2025-12-07T23:32:56.634+0000] {taskinstance.py:430} INFO - ::endgroup::
[2025-12-07T23:32:56.648+0000] {subprocess.py:63} INFO - Tmp dir root location: /tmp
[2025-12-07T23:32:56.649+0000] {subprocess.py:75} INFO - Running command: ['/usr/bin/bash', '-c', 'cd /script/staging ; python mplus_stt.py || exit 3']
[2025-12-07T23:32:56.658+0000] {subprocess.py:86} INFO - Output:
[2025-12-07T23:32:56.660+0000] {subprocess.py:93} INFO - /usr/bin/bash: line 1: cd: /script/staging: No such file or directory
[2025-12-07T23:32:56.689+0000] {subprocess.py:93} INFO - python: can't open file '/tmp/airflowtmpgx8lqcwz/mplus_stt.py': [Errno 2] No such file or directory
[2025-12-07T23:32:56.692+0000] {subprocess.py:97} INFO - Command exited with return code 3
[2025-12-07T23:32:56.694+0000] {taskinstance.py:441} INFO - ::group::Post task execution logs
[2025-12-07T23:32:56.708+0000] {taskinstance.py:2890} ERROR - Task failed with exception
Traceback (most recent call last):
  File "/home/airflow/.local/lib/python3.12/site-packages/airflow/models/taskinstance.py", line 465, in _execute_task
    result = _execute_callable(context=context, **execute_callable_kwargs)
             ^^^^^^^^^^^^^^^^^^^^^^^^^^^^^^^^^^^^^^^^^^^^^^^^^^^^^^^^^^^^^
  File "/home/airflow/.local/lib/python3.12/site-packages/airflow/models/taskinstance.py", line 432, in _execute_callable
    return execute_callable(context=context, **execute_callable_kwargs)
           ^^^^^^^^^^^^^^^^^^^^^^^^^^^^^^^^^^^^^^^^^^^^^^^^^^^^^^^^^^^^
  File "/home/airflow/.local/lib/python3.12/site-packages/airflow/models/baseoperator.py", line 400, in wrapper
    return func(self, *args, **kwargs)
           ^^^^^^^^^^^^^^^^^^^^^^^^^^^
  File "/home/airflow/.local/lib/python3.12/site-packages/airflow/operators/bash.py", line 243, in execute
    raise AirflowException(
airflow.exceptions.AirflowException: Bash command failed. The command returned a non-zero exit code 3.
[2025-12-07T23:32:56.713+0000] {taskinstance.py:1205} INFO - Marking task as FAILED. dag_id=drive_to_refine, task_id=mplus_stt, execution_date=20251207T233254, start_date=20251207T233256, end_date=20251207T233256
[2025-12-07T23:32:56.729+0000] {standard_task_runner.py:110} ERROR - Failed to execute job 15 for task mplus_stt (Bash command failed. The command returned a non-zero exit code 3.; 88)
[2025-12-07T23:32:56.767+0000] {local_task_job_runner.py:240} INFO - Task exited with return code 1
[2025-12-07T23:32:56.794+0000] {taskinstance.py:3482} INFO - 0 downstream tasks scheduled from follow-on schedule check
[2025-12-07T23:32:56.800+0000] {local_task_job_runner.py:222} INFO - ::endgroup::
