[2025-12-08T00:00:38.157+0000] {local_task_job_runner.py:120} INFO - ::group::Pre task execution logs
[2025-12-08T00:00:38.190+0000] {taskinstance.py:2073} INFO - Dependencies all met for dep_context=non-requeueable deps ti=<TaskInstance: drive_to_refine.mplus_stt manual__2025-12-08T00:00:37.053503+00:00 [queued]>
[2025-12-08T00:00:38.200+0000] {taskinstance.py:2073} INFO - Dependencies all met for dep_context=requeueable deps ti=<TaskInstance: drive_to_refine.mplus_stt manual__2025-12-08T00:00:37.053503+00:00 [queued]>
[2025-12-08T00:00:38.201+0000] {taskinstance.py:2303} INFO - Starting attempt 1 of 1
[2025-12-08T00:00:38.220+0000] {taskinstance.py:2327} INFO - Executing <Task(BashOperator): mplus_stt> on 2025-12-08 00:00:37.053503+00:00
[2025-12-08T00:00:38.226+0000] {warnings.py:110} WARNING - /home/airflow/.local/lib/python3.12/site-packages/airflow/task/task_runner/standard_task_runner.py:61: DeprecationWarning: This process (pid=250) is multi-threaded, use of fork() may lead to deadlocks in the child.
  pid = os.fork()

[2025-12-08T00:00:38.228+0000] {standard_task_runner.py:63} INFO - Started process 251 to run task
[2025-12-08T00:00:38.229+0000] {standard_task_runner.py:90} INFO - Running: ['airflow', 'tasks', 'run', 'drive_to_refine', 'mplus_stt', 'manual__2025-12-08T00:00:37.053503+00:00', '--job-id', '23', '--raw', '--subdir', 'DAGS_FOLDER/source_to_target/drive_to_refine.py', '--cfg-path', '/tmp/tmp16hef6eh']
[2025-12-08T00:00:38.232+0000] {standard_task_runner.py:91} INFO - Job 23: Subtask mplus_stt
[2025-12-08T00:00:38.317+0000] {task_command.py:426} INFO - Running <TaskInstance: drive_to_refine.mplus_stt manual__2025-12-08T00:00:37.053503+00:00 [running]> on host 4a032a48bb3c
[2025-12-08T00:00:38.432+0000] {taskinstance.py:2644} INFO - Exporting env vars: AIRFLOW_CTX_DAG_OWNER='airflow' AIRFLOW_CTX_DAG_ID='drive_to_refine' AIRFLOW_CTX_TASK_ID='mplus_stt' AIRFLOW_CTX_EXECUTION_DATE='2025-12-08T00:00:37.053503+00:00' AIRFLOW_CTX_TRY_NUMBER='1' AIRFLOW_CTX_DAG_RUN_ID='manual__2025-12-08T00:00:37.053503+00:00'
[2025-12-08T00:00:38.433+0000] {taskinstance.py:430} INFO - ::endgroup::
[2025-12-08T00:00:38.450+0000] {subprocess.py:63} INFO - Tmp dir root location: /tmp
[2025-12-08T00:00:38.451+0000] {subprocess.py:75} INFO - Running command: ['/usr/bin/bash', '-c', 'cd /script/staging ; python mplus_stt.py || exit 3']
[2025-12-08T00:00:38.462+0000] {subprocess.py:86} INFO - Output:
[2025-12-08T00:00:38.513+0000] {subprocess.py:93} INFO - Traceback (most recent call last):
[2025-12-08T00:00:38.514+0000] {subprocess.py:93} INFO -   File "/script/staging/mplus_stt.py", line 2, in <module>
[2025-12-08T00:00:38.515+0000] {subprocess.py:93} INFO -     import gdown
[2025-12-08T00:00:38.516+0000] {subprocess.py:93} INFO - ModuleNotFoundError: No module named 'gdown'
[2025-12-08T00:00:38.519+0000] {subprocess.py:97} INFO - Command exited with return code 3
[2025-12-08T00:00:38.519+0000] {taskinstance.py:441} INFO - ::group::Post task execution logs
[2025-12-08T00:00:38.533+0000] {taskinstance.py:2890} ERROR - Task failed with exception
Traceback (most recent call last):
  File "/home/airflow/.local/lib/python3.12/site-packages/airflow/models/taskinstance.py", line 465, in _execute_task
    result = _execute_callable(context=context, **execute_callable_kwargs)
             ^^^^^^^^^^^^^^^^^^^^^^^^^^^^^^^^^^^^^^^^^^^^^^^^^^^^^^^^^^^^^
  File "/home/airflow/.local/lib/python3.12/site-packages/airflow/models/taskinstance.py", line 432, in _execute_callable
    return execute_callable(context=context, **execute_callable_kwargs)
           ^^^^^^^^^^^^^^^^^^^^^^^^^^^^^^^^^^^^^^^^^^^^^^^^^^^^^^^^^^^^
  File "/home/airflow/.local/lib/python3.12/site-packages/airflow/models/baseoperator.py", line 400, in wrapper
    return func(self, *args, **kwargs)
           ^^^^^^^^^^^^^^^^^^^^^^^^^^^
  File "/home/airflow/.local/lib/python3.12/site-packages/airflow/operators/bash.py", line 243, in execute
    raise AirflowException(
airflow.exceptions.AirflowException: Bash command failed. The command returned a non-zero exit code 3.
[2025-12-08T00:00:38.538+0000] {taskinstance.py:1205} INFO - Marking task as FAILED. dag_id=drive_to_refine, task_id=mplus_stt, execution_date=20251208T000037, start_date=20251208T000038, end_date=20251208T000038
[2025-12-08T00:00:38.554+0000] {standard_task_runner.py:110} ERROR - Failed to execute job 23 for task mplus_stt (Bash command failed. The command returned a non-zero exit code 3.; 251)
[2025-12-08T00:00:38.564+0000] {local_task_job_runner.py:240} INFO - Task exited with return code 1
[2025-12-08T00:00:38.594+0000] {taskinstance.py:3482} INFO - 0 downstream tasks scheduled from follow-on schedule check
[2025-12-08T00:00:38.599+0000] {local_task_job_runner.py:222} INFO - ::endgroup::
