[2025-12-08T00:23:29.519+0000] {local_task_job_runner.py:120} INFO - ::group::Pre task execution logs
[2025-12-08T00:23:29.546+0000] {taskinstance.py:2073} INFO - Dependencies all met for dep_context=non-requeueable deps ti=<TaskInstance: drive_to_refine.ref_mplus_stt manual__2025-12-08T00:23:20.418514+00:00 [queued]>
[2025-12-08T00:23:29.555+0000] {taskinstance.py:2073} INFO - Dependencies all met for dep_context=requeueable deps ti=<TaskInstance: drive_to_refine.ref_mplus_stt manual__2025-12-08T00:23:20.418514+00:00 [queued]>
[2025-12-08T00:23:29.557+0000] {taskinstance.py:2303} INFO - Starting attempt 1 of 1
[2025-12-08T00:23:29.572+0000] {taskinstance.py:2327} INFO - Executing <Task(BashOperator): ref_mplus_stt> on 2025-12-08 00:23:20.418514+00:00
[2025-12-08T00:23:29.579+0000] {warnings.py:110} WARNING - /home/airflow/.local/lib/python3.12/site-packages/airflow/task/task_runner/standard_task_runner.py:61: DeprecationWarning: This process (pid=399) is multi-threaded, use of fork() may lead to deadlocks in the child.
  pid = os.fork()

[2025-12-08T00:23:29.582+0000] {standard_task_runner.py:63} INFO - Started process 400 to run task
[2025-12-08T00:23:29.581+0000] {standard_task_runner.py:90} INFO - Running: ['airflow', 'tasks', 'run', 'drive_to_refine', 'ref_mplus_stt', 'manual__2025-12-08T00:23:20.418514+00:00', '--job-id', '32', '--raw', '--subdir', 'DAGS_FOLDER/source_to_target/drive_to_refine.py', '--cfg-path', '/tmp/tmp7uyef_qm']
[2025-12-08T00:23:29.584+0000] {standard_task_runner.py:91} INFO - Job 32: Subtask ref_mplus_stt
[2025-12-08T00:23:29.657+0000] {task_command.py:426} INFO - Running <TaskInstance: drive_to_refine.ref_mplus_stt manual__2025-12-08T00:23:20.418514+00:00 [running]> on host 07340001eaa2
[2025-12-08T00:23:29.765+0000] {taskinstance.py:2644} INFO - Exporting env vars: AIRFLOW_CTX_DAG_OWNER='airflow' AIRFLOW_CTX_DAG_ID='drive_to_refine' AIRFLOW_CTX_TASK_ID='ref_mplus_stt' AIRFLOW_CTX_EXECUTION_DATE='2025-12-08T00:23:20.418514+00:00' AIRFLOW_CTX_TRY_NUMBER='1' AIRFLOW_CTX_DAG_RUN_ID='manual__2025-12-08T00:23:20.418514+00:00'
[2025-12-08T00:23:29.766+0000] {taskinstance.py:430} INFO - ::endgroup::
[2025-12-08T00:23:29.781+0000] {subprocess.py:63} INFO - Tmp dir root location: /tmp
[2025-12-08T00:23:29.783+0000] {subprocess.py:75} INFO - Running command: ['/usr/bin/bash', '-c', 'cd /script/refine ; python ref_mplus_stt.py || exit 3']
[2025-12-08T00:23:29.793+0000] {subprocess.py:86} INFO - Output:
[2025-12-08T00:23:31.044+0000] {subprocess.py:93} INFO - 2025-12-08 00:23:31,044 - INFO - Berhasil upload 550 rows ke refine.mplus_stt
[2025-12-08T00:23:31.045+0000] {subprocess.py:93} INFO - 2025-12-08 00:23:31,045 - INFO - Tabel 'refine.mplus_stt' berhasil dibuat dari parquet
[2025-12-08T00:23:31.046+0000] {subprocess.py:93} INFO - 2025-12-08 00:23:31,045 - INFO - Running DBT command: dbt run --select tag:mplus_stt --target ref_prod --project-dir /script/dbt --profiles-dir /script/dbt
[2025-12-08T00:23:35.539+0000] {subprocess.py:93} INFO - 2025-12-08 00:23:35,539 - ERROR - DBT run failed.
[2025-12-08T00:23:35.540+0000] {subprocess.py:93} INFO - 2025-12-08 00:23:35,539 - ERROR - Script execution failed: DBT run failed
[2025-12-08T00:23:35.540+0000] {subprocess.py:93} INFO - [0m00:23:33  Running with dbt=1.5.9
[2025-12-08T00:23:35.541+0000] {subprocess.py:93} INFO - [0m00:23:33  Registered adapter: postgres=1.5.9
[2025-12-08T00:23:35.541+0000] {subprocess.py:93} INFO - [0m00:23:34  Encountered an error:
[2025-12-08T00:23:35.542+0000] {subprocess.py:93} INFO - 'dbt_postgres://macros/catalog.sql'
[2025-12-08T00:23:35.543+0000] {subprocess.py:93} INFO - [0m00:23:34  Traceback (most recent call last):
[2025-12-08T00:23:35.543+0000] {subprocess.py:93} INFO -   File "/home/airflow/.local/lib/python3.12/site-packages/dbt/cli/requires.py", line 86, in wrapper
[2025-12-08T00:23:35.544+0000] {subprocess.py:93} INFO -     result, success = func(*args, **kwargs)
[2025-12-08T00:23:35.544+0000] {subprocess.py:93} INFO -                       ^^^^^^^^^^^^^^^^^^^^^
[2025-12-08T00:23:35.545+0000] {subprocess.py:93} INFO -   File "/home/airflow/.local/lib/python3.12/site-packages/dbt/cli/requires.py", line 71, in wrapper
[2025-12-08T00:23:35.545+0000] {subprocess.py:93} INFO -     return func(*args, **kwargs)
[2025-12-08T00:23:35.545+0000] {subprocess.py:93} INFO -            ^^^^^^^^^^^^^^^^^^^^^
[2025-12-08T00:23:35.546+0000] {subprocess.py:93} INFO -   File "/home/airflow/.local/lib/python3.12/site-packages/dbt/cli/requires.py", line 142, in wrapper
[2025-12-08T00:23:35.546+0000] {subprocess.py:93} INFO -     return func(*args, **kwargs)
[2025-12-08T00:23:35.547+0000] {subprocess.py:93} INFO -            ^^^^^^^^^^^^^^^^^^^^^
[2025-12-08T00:23:35.547+0000] {subprocess.py:93} INFO -   File "/home/airflow/.local/lib/python3.12/site-packages/dbt/cli/requires.py", line 168, in wrapper
[2025-12-08T00:23:35.547+0000] {subprocess.py:93} INFO -     return func(*args, **kwargs)
[2025-12-08T00:23:35.548+0000] {subprocess.py:93} INFO -            ^^^^^^^^^^^^^^^^^^^^^
[2025-12-08T00:23:35.548+0000] {subprocess.py:93} INFO -   File "/home/airflow/.local/lib/python3.12/site-packages/dbt/cli/requires.py", line 215, in wrapper
[2025-12-08T00:23:35.548+0000] {subprocess.py:93} INFO -     return func(*args, **kwargs)
[2025-12-08T00:23:35.549+0000] {subprocess.py:93} INFO -            ^^^^^^^^^^^^^^^^^^^^^
[2025-12-08T00:23:35.549+0000] {subprocess.py:93} INFO -   File "/home/airflow/.local/lib/python3.12/site-packages/dbt/cli/requires.py", line 242, in wrapper
[2025-12-08T00:23:35.550+0000] {subprocess.py:93} INFO -     manifest = ManifestLoader.get_full_manifest(
[2025-12-08T00:23:35.550+0000] {subprocess.py:93} INFO -                ^^^^^^^^^^^^^^^^^^^^^^^^^^^^^^^^^
[2025-12-08T00:23:35.550+0000] {subprocess.py:93} INFO -   File "/home/airflow/.local/lib/python3.12/site-packages/dbt/parser/manifest.py", line 227, in get_full_manifest
[2025-12-08T00:23:35.551+0000] {subprocess.py:93} INFO -     manifest = loader.load()
[2025-12-08T00:23:35.551+0000] {subprocess.py:93} INFO -                ^^^^^^^^^^^^^
[2025-12-08T00:23:35.552+0000] {subprocess.py:93} INFO -   File "/home/airflow/.local/lib/python3.12/site-packages/dbt/parser/manifest.py", line 351, in load
[2025-12-08T00:23:35.552+0000] {subprocess.py:93} INFO -     self.load_and_parse_macros(project_parser_files)
[2025-12-08T00:23:35.552+0000] {subprocess.py:93} INFO -   File "/home/airflow/.local/lib/python3.12/site-packages/dbt/parser/manifest.py", line 458, in load_and_parse_macros
[2025-12-08T00:23:35.553+0000] {subprocess.py:93} INFO -     block = FileBlock(self.manifest.files[file_id])
[2025-12-08T00:23:35.553+0000] {subprocess.py:93} INFO -                       ~~~~~~~~~~~~~~~~~~~^^^^^^^^^
[2025-12-08T00:23:35.553+0000] {subprocess.py:93} INFO - KeyError: 'dbt_postgres://macros/catalog.sql'
[2025-12-08T00:23:35.554+0000] {subprocess.py:93} INFO - 
[2025-12-08T00:23:35.554+0000] {subprocess.py:93} INFO - 
[2025-12-08T00:23:35.554+0000] {subprocess.py:93} INFO - Traceback (most recent call last):
[2025-12-08T00:23:35.555+0000] {subprocess.py:93} INFO -   File "/script/refine/ref_mplus_stt.py", line 115, in <module>
[2025-12-08T00:23:35.555+0000] {subprocess.py:93} INFO -     main()
[2025-12-08T00:23:35.556+0000] {subprocess.py:93} INFO -   File "/script/refine/ref_mplus_stt.py", line 99, in main
[2025-12-08T00:23:35.556+0000] {subprocess.py:93} INFO -     raise Exception("DBT run failed")
[2025-12-08T00:23:35.556+0000] {subprocess.py:93} INFO - Exception: DBT run failed
[2025-12-08T00:23:35.632+0000] {subprocess.py:97} INFO - Command exited with return code 3
[2025-12-08T00:23:35.633+0000] {taskinstance.py:441} INFO - ::group::Post task execution logs
[2025-12-08T00:23:35.647+0000] {taskinstance.py:2890} ERROR - Task failed with exception
Traceback (most recent call last):
  File "/home/airflow/.local/lib/python3.12/site-packages/airflow/models/taskinstance.py", line 465, in _execute_task
    result = _execute_callable(context=context, **execute_callable_kwargs)
             ^^^^^^^^^^^^^^^^^^^^^^^^^^^^^^^^^^^^^^^^^^^^^^^^^^^^^^^^^^^^^
  File "/home/airflow/.local/lib/python3.12/site-packages/airflow/models/taskinstance.py", line 432, in _execute_callable
    return execute_callable(context=context, **execute_callable_kwargs)
           ^^^^^^^^^^^^^^^^^^^^^^^^^^^^^^^^^^^^^^^^^^^^^^^^^^^^^^^^^^^^
  File "/home/airflow/.local/lib/python3.12/site-packages/airflow/models/baseoperator.py", line 400, in wrapper
    return func(self, *args, **kwargs)
           ^^^^^^^^^^^^^^^^^^^^^^^^^^^
  File "/home/airflow/.local/lib/python3.12/site-packages/airflow/operators/bash.py", line 243, in execute
    raise AirflowException(
airflow.exceptions.AirflowException: Bash command failed. The command returned a non-zero exit code 3.
[2025-12-08T00:23:35.653+0000] {taskinstance.py:1205} INFO - Marking task as FAILED. dag_id=drive_to_refine, task_id=ref_mplus_stt, execution_date=20251208T002320, start_date=20251208T002329, end_date=20251208T002335
[2025-12-08T00:23:35.669+0000] {standard_task_runner.py:110} ERROR - Failed to execute job 32 for task ref_mplus_stt (Bash command failed. The command returned a non-zero exit code 3.; 400)
[2025-12-08T00:23:35.680+0000] {local_task_job_runner.py:240} INFO - Task exited with return code 1
[2025-12-08T00:23:35.699+0000] {taskinstance.py:3482} INFO - 0 downstream tasks scheduled from follow-on schedule check
[2025-12-08T00:23:35.702+0000] {local_task_job_runner.py:222} INFO - ::endgroup::
